
 Primary working directories    : /tmp/jcartus
 Secondary working directories  : /tmp/jcartus
 Wavefunction directory         : /home/jcartus/wfu/
 Main file repository           : /tmp/jcartus/

 SHA1      : 960ce83de8be0427555cf121dea4debc26c720b5
 NAME      : 2012.1.960ce83
 ARCHNAME  : Linux/x86_64
 FC        : /opt/intel/composer_xe_2013_sp1.2.144/bin/intel64/ifort
 FCVERSION : 14.0.2
 BLASLIB   : -Wl,-_start-group /opt/intel/mkl/lib/intel64/libmkl_intel_ilp64.a /opt/intel/mkl/lib/intel64/libmkl_sequential.a /opt/intel/mkl/lib/intel64/libmkl_core.a -Wl,-_end-group
 id        : tugraziep

 Nodes     nprocs
 qciep        1

 Using customized tuning parameters: mindgm=7; mindgv=24; mindgc=1; mindgr=1; noblas=0; minvec=7
 default implementation of scratch files=df  

 ***,CO+, first 5 electronically excited states
 
                                                                                 !Memory: 20 mega words
                                                                        ! https://www.molpro.net/info/2015.1/doc/manual/node32.html
 memory, 50, M
 gprint, orbitals
 
                                                                                 !Geometry and Variables
 angstrom
 geometry={
 C
 O   C  r
 }
 r = 1.3
 
 
 
 
 
                                                                                 !basis=aug-cc-pCVQZ
 basis=cc-pVDZ
 
 
                                                                                 ! single point
 {hf
 wf,13,1,1}
 optg
 
 
                                                                                 ! calculate 5 excited states (lowest by default)
                                                                       ! https://www.molpro.net/info/2015.1/doc/manual/node324.html
                                                                                 !states, 5 ! Glaube, dass ist nicht das ziel.
 
 
                                                                                 ! guess from hf, dann casscf
                                                                                 !hf
 {multi;
 occ, 6, 2, 2, 0
 closed, 4, 0, 0, 0
 wf,13,1,1,
 state,3
 wf,13,2,1,
 state,2
 wf,13,3,1,
 state,2
                                                                                 !wf,13,4,1,
                                                                                 !state,1
 }
 
 {mrci,
 occ, 6, 2, 2, 0
 closed, 4, 0, 0, 0
 wf,13,1,1,
 state,3
                                                                                 !nstati,3
 }
 
 {mrci,
 occ, 6, 2, 2, 0
 closed, 4, 0, 0, 0
 wf,13,2,1,
 state,2
                                                                                 !nstati,2
 }
 
 {mrci,
 occ, 6, 2, 2, 0
 closed, 4, 0, 0, 0
 wf,13,3,1,
 state,2
                                                                                 !nstati,2
 }
 
 
 
 

 Variables initialized (778), CPU time= 0.01 sec
 Commands  initialized (547), CPU time= 0.00 sec, 516 directives.
 Default parameters read. Elapsed time= 0.06 sec

 Checking input...
 Passed
1


                                         ***  PROGRAM SYSTEM MOLPRO  ***
                         Copyright, University College Cardiff Consultants Limited, 2008

                                    Version 2012.1 linked Apr  1 2014 15:33:03


 **********************************************************************************************************************************
 LABEL *   CO+, first 5 electronically excited states                                    
 Linux-3.2.0-4-amd64/qciep(x86_64) 64 bit serial version                                 DATE: 12-Feb-19          TIME: 15:00:22  
 **********************************************************************************************************************************

 SHA1:             960ce83de8be0427555cf121dea4debc26c720b5
 **********************************************************************************************************************************

 ZUNIT=ANG
 
 SETTING R              =         1.30000000                                  

 Variable memory set to   50000000 words,  buffer space   230000 words

 SETTING BASIS          =    CC-PVDZ


 Recomputing integrals since basis changed


 Using spherical harmonics

 Library entry C      S cc-pVDZ              selected for orbital group  1
 Library entry C      P cc-pVDZ              selected for orbital group  1
 Library entry C      D cc-pVDZ              selected for orbital group  1
 Library entry O      S cc-pVDZ              selected for orbital group  2
 Library entry O      P cc-pVDZ              selected for orbital group  2
 Library entry O      D cc-pVDZ              selected for orbital group  2

1PROGRAM * SEWARD (Integral evaluation for generally contracted gaussian basis sets)     Author: Roland Lindh, 1990

 Geometry written to block  1 of record 700

 Orientation using atomic masses  
 Molecule type: Linear
 Symmetry elements: X,Y
 Rotational constants:      43.5879987     43.5879987      0.0000000 GHz  (calculated with average atomic masses)

 Point group  C2v 



 ATOMIC COORDINATES

 NR  ATOM    CHARGE       X              Y              Z

   1  C       6.00    0.000000000    0.000000000   -1.403222715
   2  O       8.00    0.000000000    0.000000000    1.053421255

 Bond lengths in Bohr (Angstrom)

 1-2  2.456643971
     ( 1.300000000)

 NUCLEAR CHARGE:                   14
 NUMBER OF PRIMITIVE AOS:          54
 NUMBER OF SYMMETRY AOS:           52
 NUMBER OF CONTRACTIONS:           28   (  14A1  +   6B1  +   6B2  +   2A2  )
 NUMBER OF CORE ORBITALS:           2   (   2A1  +   0B1  +   0B2  +   0A2  )
 NUMBER OF VALENCE ORBITALS:        8   (   4A1  +   2B1  +   2B2  +   0A2  )


 NUCLEAR REPULSION ENERGY   19.53885079

 EXTRA SYMMETRY OF AOS IN SYMMETRY 1:   1 1 1 1 1 1 2 1 1 1   1 1 1 2

 Eigenvalues of metric

         1 0.155E-01 0.378E-01 0.129E+00 0.154E+00 0.182E+00 0.919E+00 0.962E+00 0.998E+00
         2 0.145E+00 0.193E+00 0.538E+00 0.113E+01 0.136E+01 0.264E+01
         3 0.145E+00 0.193E+00 0.538E+00 0.113E+01 0.136E+01 0.264E+01
         4 0.919E+00 0.108E+01


 Contracted 2-electron integrals neglected if value below      1.0D-11
 AO integral compression algorithm  1   Integral accuracy      1.0D-11

     0.262 MB (compressed) written to integral file (100.0%)


 NUMBER OF SORTED TWO-ELECTRON INTEGRALS:      24933.     BUFFER LENGTH:  32768
 NUMBER OF SEGMENTS:   1  SEGMENT LENGTH:      24933      RECORD LENGTH: 524288

 Memory used in sort:       0.58 MW

 SORT1 READ       32016. AND WROTE       21069. INTEGRALS IN      1 RECORDS. CPU TIME:     0.00 SEC, REAL TIME:     0.01 SEC
 SORT2 READ       21069. AND WROTE       24933. INTEGRALS IN      1 RECORDS. CPU TIME:     0.01 SEC, REAL TIME:     0.01 SEC

 FILE SIZES:   FILE 1:     7.8 MBYTE,  FILE 4:     4.2 MBYTE,   TOTAL:     12.0 MBYTE

 OPERATOR DM      FOR CENTER  0  COORDINATES:    0.000000    0.000000    0.000000


 **********************************************************************************************************************************
 DATASETS  * FILE   NREC   LENGTH (MB)   RECORD NAMES
              1      19        7.65       500      610      700      900      950      970     1000      129      960     1100   
                                          VAR    BASINP    GEOM    SYMINP    ZMAT    AOBASIS   BASIS     P2S    ABASIS      S 
                                         1400     1410     1200     1210     1080     1600     1650     1300     1700   
                                           T        V       H0       H01     AOSYM     SMH    MOLCAS    ERIS     OPER   

 PROGRAMS   *        TOTAL       INT
 CPU TIMES  *         0.21      0.07
 REAL TIME  *         0.31 SEC
 DISK USED  *        12.29 MB      
 **********************************************************************************************************************************

1PROGRAM * RHF-SCF (OPEN SHELL)       Authors: W. Meyer, H.-J. Werner


 NUMBER OF ELECTRONS:       7+    6-    SPACE SYMMETRY=1    SPIN SYMMETRY: Doublet 
 CONVERGENCE THRESHOLDS:    1.00E-06 (Density)    1.00E-07 (Energy)
 MAX. NUMBER OF ITERATIONS:       60
 INTERPOLATION TYPE:            DIIS
 INTERPOLATION STEPS:              2 (START)      1 (STEP)
 LEVEL SHIFTS:                 -0.30 (CLOSED)  0.00 (OPEN) 



 Orbital guess generated from atomic densities. Full valence occupancy:    6   2   2   0

 Molecular orbital dump at record        2100.2

 ITERATION    DDIFF          GRAD             ENERGY        2-EL.EN.            DIPOLE MOMENTS         DIIS   ORB.
    1      0.000D+00      0.000D+00      -112.01996498    109.124999    0.00000    0.00000   -2.72843    0    start
    2      0.000D+00      0.435D-01      -112.12429415    107.928099    0.00000    0.00000   -0.84086    1    diag,B
    3      0.144D+00      0.314D-01      -112.17018866    109.940637    0.00000    0.00000   -1.61005    2    diag,B
    4      0.453D-01      0.421D-02      -112.17168489    109.823132    0.00000    0.00000   -1.54615    3    diag,B
    5      0.101D-01      0.110D-02      -112.17193884    109.856156    0.00000    0.00000   -1.56091    4    diag,B
    6      0.355D-02      0.435D-03      -112.17197934    109.857527    0.00000    0.00000   -1.56769    5    diag,B
    7      0.151D-02      0.125D-03      -112.17198316    109.858865    0.00000    0.00000   -1.56946    6    fixocc
    8      0.458D-03      0.366D-04      -112.17198380    109.859362    0.00000    0.00000   -1.57010    7    diag,B
    9      0.113D-03      0.233D-04      -112.17198421    109.859630    0.00000    0.00000   -1.57053    8    diag,B
   10      0.131D-03      0.118D-04      -112.17198434    109.859729    0.00000    0.00000   -1.57089    9    orth
   11      0.118D-03      0.182D-05      -112.17198434    109.859703    0.00000    0.00000   -1.57087    9    diag,B
   12      0.110D-04      0.317D-06      -112.17198434    109.859696    0.00000    0.00000   -1.57087    9    diag,B
   13      0.139D-05      0.319D-07      -112.17198434    109.859695    0.00000    0.00000   -1.57087    9    diag,B
   14      0.107D-06      0.893D-08      -112.17198434    109.859696    0.00000    0.00000   -1.57087    0    orth

 Final alpha occupancy:   5   1   1   0
 Final beta  occupancy:   4   1   1   0

 !RHF STATE 1.1 Energy               -112.171984338969
 Nuclear energy                        19.53885079
 One-electron energy                 -186.64068318
 Two-electron energy                   54.92984804
 Virial quotient                       -1.00817389
 !RHF STATE 1.1 Dipole moment           0.00000000     0.00000000    -1.57086804
 Dipole moment /Debye                   0.00000000     0.00000000    -3.99248679

 ELECTRON ORBITALS
 =================


   Orb  Occ    Energy  Couls-En    Coefficients

                                   1 1s      1 1s      1 1s      1 2pz     1 2pz     1 3d0     1 3d2+    2 1s      2 1s      2 1s   
                                   2 2pz     2 2pz     2 3d0     2 3d2+ 

   1.1   2   -21.0959  -55.4621  0.000149  0.000409  0.001491  0.000196  0.001043 -0.000302  0.000000  1.000336  0.001061 -0.002624
                                -0.002451  0.002641 -0.000003 -0.000000

   2.1   2   -11.9258  -33.1170  0.999900 -0.000886  0.000501  0.000298  0.000216  0.000528  0.000000 -0.000270  0.000018  0.000257
                                -0.000547  0.000373  0.000141  0.000000

   3.1   2    -1.7954  -11.4014  0.002331  0.437105 -0.184256  0.260362 -0.115430  0.035885  0.000000  0.002223  0.875750 -0.099436
                                -0.166357  0.031623  0.014647 -0.000000

   4.1   2    -1.1402   -9.5565 -0.033278 -0.775676  0.253777 -0.245994  0.107736 -0.021474 -0.000000  0.010084  0.519464  0.077007
                                 0.641747 -0.080423 -0.023700 -0.000000

   5.1   +    -1.0986   -7.8043  0.042298  0.807237 -0.109971 -0.838068  0.261167  0.004573 -0.000000 -0.000619 -0.014435  0.041894
                                 0.378436 -0.034730 -0.014522  0.000000

                                   1 2px     1 2px     1 3d1+    2 2px     2 2px     2 3d1+ 

   1.2   2    -0.9420   -9.1359  0.487144 -0.088039  0.058395  0.823543 -0.029390 -0.030927

                                   1 2py     1 2py     1 3d1-    2 2py     2 2py     2 3d1- 

   1.3   2    -0.9420   -9.1359  0.487144 -0.088039  0.058395  0.823543 -0.029390 -0.030927

 HOMO      1.2    -0.941964 =     -25.6321eV
 LUMO      2.2    -0.318419 =      -8.6646eV
 LUMO-HOMO         0.623545 =      16.9675eV


 **********************************************************************************************************************************
 DATASETS  * FILE   NREC   LENGTH (MB)   RECORD NAMES
              1      19        7.65       500      610      700      900      950      970     1000      129      960     1100   
                                          VAR    BASINP    GEOM    SYMINP    ZMAT    AOBASIS   BASIS     P2S    ABASIS      S 
                                         1400     1410     1200     1210     1080     1600     1650     1300     1700   
                                           T        V       H0       H01     AOSYM     SMH    MOLCAS    ERIS     OPER   

              2       4        0.30       700     1000      520     2100   
                                         GEOM     BASIS   MCVARS     RHF  

 PROGRAMS   *        TOTAL        HF       INT
 CPU TIMES  *         0.23      0.02      0.07
 REAL TIME  *         0.32 SEC
 DISK USED  *        12.29 MB      
 **********************************************************************************************************************************


 PROGRAM * OPT (Geometry optimization)     Authors: F. Eckert and H.-J. Werner


 BFGS update of hessian

 *** Long output written to logfile /home/jcartus/Repos/TMSoCM/TaskF/excitations.log ***


 Geometry optimization using default procedure for command HF-SCF

 Geometry written to block  1 of record 700

 Making model hessian for Z-matrix coordinates

 Quadratic Steepest Descent - Minimum Search

 ITER.   ENERGY(OLD)    ENERGY(NEW)      DE          GRADMAX     GRADNORM    GRADRMS     STEPMAX     STEPLEN     STEPRMS   CPU-time
   1  -112.17198434  -112.26316938    -0.09118504  0.33540342  0.33540342  0.33540342  0.40235615  0.40235615  0.40235615      0.30
   2  -112.26316938  -112.26315149     0.00001789  0.01180950  0.01180950  0.01180950  0.01468391  0.01468391  0.01468391      0.64
   3  -112.26315149  -112.26320906    -0.00005757  0.01448499  0.01448499  0.01448499  0.00808901  0.00808901  0.00808901      0.98
   4  -112.26320906  -112.26320907    -0.00000001  0.00017746  0.00017746  0.00017746  0.00009790  0.00009790  0.00009790      1.33

 END OF GEOMETRY OPTIMIZATION.

 Optimized variables
 R=                   1.08354062 ANGSTROM

 **********************************************************************************************************************************

 Current geometry (xyz format, in Angstrom)

    2
 HF-SCF000/CC-PVDZ  ENERGY=-112.26320907
 C          0.0000000000        0.0000000000       -0.6189129667
 O          0.0000000000        0.0000000000        0.4646276512

 **********************************************************************************************************************************

 Geometry written to block  1 of record 700


 **********************************************************************************************************************************
 DATASETS  * FILE   NREC   LENGTH (MB)   RECORD NAMES
              1      19        7.66       500      610      700      900      950      970     1000      129      960     1100   
                                          VAR    BASINP    GEOM    SYMINP    ZMAT    AOBASIS   BASIS     P2S    ABASIS      S 
                                         1400     1410     1200     1210     1080     1600     1650     1300     1700   
                                           T        V       H0       H01     AOSYM     SMH    MOLCAS    ERIS     OPER   

              2       4        0.30       700     1000      520     2100   
                                         GEOM     BASIS   MCVARS     RHF  

 PROGRAMS   *        TOTAL      OPTG        HF       INT
 CPU TIMES  *         1.56      1.33      0.02      0.07
 REAL TIME  *         1.90 SEC
 DISK USED  *        12.37 MB      
 **********************************************************************************************************************************

1PROGRAM * MULTI (Direct Multiconfiguration SCF)       Authors: P.J. Knowles, H.-J. Werner (1984)     S.T. Elbert (1988)


 Number of closed-shell orbitals:   4 (   4   0   0   0 )
 Number of active  orbitals:        6 (   2   2   2   0 )
 Number of external orbitals:      18 (   8   4   4   2 )

 State symmetry 1

 Number of electrons:     5    Spin symmetry=Doublet   Space symmetry=1
 Number of states:        3
 Number of CSFs:         54   (76 determinants, 300 intermediate states)

 State symmetry 2

 Number of electrons:     5    Spin symmetry=Doublet   Space symmetry=2
 Number of states:        2
 Number of CSFs:         54   (76 determinants, 300 intermediate states)

 State symmetry 3

 Number of electrons:     5    Spin symmetry=Doublet   Space symmetry=3
 Number of states:        2
 Number of CSFs:         54   (76 determinants, 300 intermediate states)

 Molecular orbitals read from record     2100.2  Type=RHF/CANONICAL (state 1.1)

 EXTRA SYMMETRY OF MOS IN SYMMETRY 1:   1 1 1 1 1 1 1 1 1 2   1 1 2 1

 Wavefunction dump at record             2140.2

 Convergence thresholds  0.10E-01 (gradient)  0.10E-05 (energy)  0.10E-02 (step length)

 Weight factors for state symmetry  1:    0.14286   0.14286   0.14286
 Weight factors for state symmetry  2:    0.14286   0.14286
 Weight factors for state symmetry  3:    0.14286   0.14286

 Number of orbital rotations:       72   (     8 Core/Active     32 Core/Virtual   0 Active/Active     32 Active/Virtual)
 Total number of variables:        604


 ITER. MIC  NCI  NEG     ENERGY(VAR)     ENERGY(PROJ)   ENERGY CHANGE     GRAD(0)  GRAD(ORB)   GRAD(CI)     STEP       TIME

 Not enough P space configurations found with threshold  0.40  for  3 states. Nplist= 1  threshold increased to    0.90
   1   40   70    0    -112.03328361    -112.07153091   -0.03824730    0.18088218 0.00030405 0.00117428  0.88D+00      0.04
   2   23   64    0    -112.07109197    -112.07111464   -0.00002266    0.00765105 0.00000024 0.00001634  0.18D-01      0.09
   3   24   26    0    -112.07111465    -112.07111465   -0.00000000    0.00000532 0.00000003 0.00000087  0.12D-04      0.10

 ** WVFN ****  CONVERGENCE REACHED, FINAL GRADIENT:  0.20D-07



 Results for state 1.1
 =====================

 !MCSCF STATE 1.1 Energy             -112.350666609597
 Nuclear energy                        23.44213554
 Kinetic energy                       112.37611509
 One electron energy                 -193.97883735
 Two electron energy                   58.18603519
 Virial ratio                           1.99977354

 !MCSCF STATE 1.1 Dipole moment         0.00000000     0.00000000    -0.97252734
 Dipole moment /Debye                   0.00000000     0.00000000    -2.47175604

 Results for state 2.1
 =====================

 !MCSCF STATE 2.1 Energy             -111.962079358434
 Nuclear energy                        23.44213554
 Kinetic energy                       113.13358203
 One electron energy                 -193.56524617
 Two electron energy                   58.16103127
 Virial ratio                           1.98964496

 !MCSCF STATE 2.1 Dipole moment         0.00000000     0.00000000    -0.82522640
 Dipole moment /Debye                   0.00000000     0.00000000    -2.09737891

 Results for state 3.1
 =====================

 !MCSCF STATE 3.1 Energy             -111.930123991270
 Nuclear energy                        23.44213554
 Kinetic energy                       112.89869016
 One electron energy                 -193.28277529
 Two electron energy                   57.91051575
 Virial ratio                           1.99142093

 !MCSCF STATE 3.1 Dipole moment         0.00000000     0.00000000    -0.54079676
 Dipole moment /Debye                   0.00000000     0.00000000    -1.37447823



 Results for state 1.2
 =====================

 !MCSCF STATE 1.2 Energy             -112.220675696307
 Nuclear energy                        23.44213554
 Kinetic energy                       112.65304573
 One electron energy                 -193.07724324
 Two electron energy                   57.41443200
 Virial ratio                           1.99616193

 !MCSCF STATE 1.2 Dipole moment         0.00000000     0.00000000    -0.07505568
 Dipole moment /Debye                   0.00000000     0.00000000    -0.19076003

 Results for state 2.2
 =====================

 !MCSCF STATE 2.2 Energy             -111.906790582772
 Nuclear energy                        23.44213554
 Kinetic energy                       112.68542387
 One electron energy                 -194.23508118
 Two electron energy                   58.88615505
 Virial ratio                           1.99309020

 !MCSCF STATE 2.2 Dipole moment         0.00000000     0.00000000    -1.66763280
 Dipole moment /Debye                   0.00000000     0.00000000    -4.23842217



 Results for state 1.3
 =====================

 !MCSCF STATE 1.3 Energy             -112.220675696307
 Nuclear energy                        23.44213554
 Kinetic energy                       112.65304573
 One electron energy                 -193.07724324
 Two electron energy                   57.41443200
 Virial ratio                           1.99616193

 !MCSCF STATE 1.3 Dipole moment         0.00000000     0.00000000    -0.07505568
 Dipole moment /Debye                   0.00000000     0.00000000    -0.19076003

 Results for state 2.3
 =====================

 !MCSCF STATE 2.3 Energy             -111.906790582772
 Nuclear energy                        23.44213554
 Kinetic energy                       112.68542387
 One electron energy                 -194.23508118
 Two electron energy                   58.88615505
 Virial ratio                           1.99309020

 !MCSCF STATE 2.3 Dipole moment         0.00000000     0.00000000    -1.66763280
 Dipole moment /Debye                   0.00000000     0.00000000    -4.23842217

 State-averaged charge density matrix saved on record  2140.2 (density set 1)

 !MCSCF trans         <1.2|DMX|1.1>     0.202692669644 au =     0.515159635314 Debye
 !MCSCF trans         <1.2|DMX|2.1>    -0.058268676605 au =    -0.148094503086 Debye
 !MCSCF trans         <1.2|DMX|3.1>    -0.477459924898 au =    -1.213502595923 Debye
 !MCSCF trans         <2.2|DMX|1.1>    -0.503081230148 au =    -1.278621192919 Debye
 !MCSCF trans         <2.2|DMX|2.1>     0.338487589183 au =     0.860293286915 Debye
 !MCSCF trans         <2.2|DMX|3.1>     0.411446398111 au =     1.045723936510 Debye

 !MCSCF trans         <1.3|DMY|1.1>     0.202692669644 au =     0.515159635314 Debye
 !MCSCF trans         <1.3|DMY|2.1>     0.058268676607 au =     0.148094503090 Debye
 !MCSCF trans         <1.3|DMY|3.1>    -0.477459924899 au =    -1.213502595924 Debye
 !MCSCF trans         <2.3|DMY|1.1>    -0.503081230148 au =    -1.278621192919 Debye
 !MCSCF trans         <2.3|DMY|2.1>    -0.338487589184 au =    -0.860293286918 Debye
 !MCSCF trans         <2.3|DMY|3.1>     0.411446398110 au =     1.045723936508 Debye

 !MCSCF expec         <1.1|DMZ|1.1>    -0.972527339992 au =    -2.471756036776 Debye
 !MCSCF expec         <2.1|DMZ|2.1>    -0.825226400078 au =    -2.097378913909 Debye
 !MCSCF trans         <3.1|DMZ|1.1>     0.236320086019 au =     0.600626404225 Debye
 !MCSCF expec         <3.1|DMZ|3.1>    -0.540796761531 au =    -1.374478233171 Debye
 !MCSCF expec         <1.2|DMZ|1.2>    -0.075055684082 au =    -0.190760025548 Debye
 !MCSCF trans         <2.2|DMZ|1.2>    -0.169455311800 au =    -0.430684231365 Debye
 !MCSCF expec         <2.2|DMZ|2.2>    -1.667632798034 au =    -4.238422166828 Debye
 !MCSCF expec         <1.3|DMZ|1.3>    -0.075055684082 au =    -0.190760025548 Debye
 !MCSCF trans         <2.3|DMZ|1.3>    -0.169455311800 au =    -0.430684231365 Debye
 !MCSCF expec         <2.3|DMZ|2.3>    -1.667632798034 au =    -4.238422166828 Debye


 NATURAL ORBITALS (state averaged)
 =================================

   Orb     Occ        Energy       Coefficients

                                   1 1s      1 1s      1 1s      1 2pz     1 2pz     1 3d0     1 3d2+    2 1s      2 1s      2 1s   
                                   2 2pz     2 2pz     2 3d0     2 3d2+ 

   1.1  2.00000   -21.116971    -0.000021 -0.000477  0.002019 -0.001116  0.001550 -0.000891  0.000000  1.000817  0.003778 -0.004326
                                -0.003693  0.003015  0.000577  0.000000

   2.1  2.00000   -11.807966     1.000668  0.005348 -0.001866  0.002119 -0.000342  0.000993  0.000000 -0.000611  0.001023 -0.002451
                                -0.001112  0.001946  0.000721  0.000000

   3.1  2.00000    -1.969349    -0.011805  0.496706 -0.227303  0.332522 -0.157816  0.044072  0.000000 -0.004553  0.843814 -0.172658
                                -0.264055  0.093908  0.025555  0.000000

   4.1  2.00000    -1.196451    -0.018642 -0.587643  0.225042 -0.243091  0.122283 -0.016337  0.000000  0.010056  0.531795  0.123167
                                 0.768139 -0.135038 -0.030514  0.000000

   5.1  0.98849    -0.724187     0.024996  0.789252  0.032493 -0.733465  0.235165 -0.032765  0.000000 -0.003048 -0.120552  0.045099
                                 0.345568 -0.071087 -0.017106  0.000000

   6.1  0.00750     0.473353    -0.140878 -0.461753  1.109914  1.139321 -0.389420 -0.389375  0.000000 -0.059257 -0.629727  0.022681
                                 0.704767 -0.280535 -0.006272  0.000000

                                   1 2px     1 2px     1 3d1+    2 2px     2 2px     2 3d1+ 

   1.2  1.66798    -0.985299     0.548664 -0.154397  0.059275  0.835334 -0.094742 -0.037062

   2.2  0.33403    -0.235716     1.067891 -0.116068 -0.040309 -0.689079 -0.010489 -0.010055

                                   1 2py     1 2py     1 3d1-    2 2py     2 2py     2 3d1- 

   1.3  1.66798    -0.985299     0.548664 -0.154397  0.059275  0.835334 -0.094742 -0.037062

   2.3  0.33403    -0.235716     1.067891 -0.116068 -0.040309 -0.689079 -0.010489 -0.010055

 Total charge:   1.000000000000
 

 Natural orbital dump (state averaged) at molpro section  2140.2    (Orbital set 2)



 **********************************************************************************************************************************
 DATASETS  * FILE   NREC   LENGTH (MB)   RECORD NAMES
              1      20        7.82       500      610      700      900      950      970     1000      129      960     1100   
                                          VAR    BASINP    GEOM    SYMINP    ZMAT    AOBASIS   BASIS     P2S    ABASIS      S 
                                         1400     1410     1200     1210     1080     1600     1650     1300     1700     1380   
                                           T        V       H0       H01     AOSYM     SMH    MOLCAS    ERIS     OPER     JKOP   

              2       5        0.35       700     1000      520     2100     2140   
                                         GEOM     BASIS   MCVARS     RHF     MCSCF   

 PROGRAMS   *        TOTAL     MULTI      OPTG        HF       INT
 CPU TIMES  *         1.70      0.14      1.33      0.02      0.07
 REAL TIME  *         2.25 SEC
 DISK USED  *        17.99 MB      
 **********************************************************************************************************************************

1PROGRAM * CI (Multireference internally contracted CI)     Authors: H.-J. Werner, P.J. Knowles, 1987


 Convergence thresholds:  THRVAR = 1.00D-10  THRDEN = 1.00D-08

 Number of optimized states:  3  Roots:   1   2   3
 Number of reference states:  3  Roots:   1   2   3

 Reference symmetry:                   1   Doublet 
 Number of electrons:                 13
 Maximum number of shells:             5
 Maximum number of spin couplings:    42

 Reference space:       34 conf       54 CSFs
 N elec internal:      774 conf     1846 CSFs
 N-1 el internal:      651 conf     2456 CSFs
 N-2 el internal:      290 conf     1572 CSFs

 Number of electrons in valence space:                      9
 Maximum number of open shell orbitals in reference space:  5
 Maximum number of open shell orbitals in internal spaces:  9


 Number of core orbitals:           2 (   2   0   0   0 )
 Number of closed-shell orbitals:   2 (   2   0   0   0 )
 Number of active  orbitals:        6 (   2   2   2   0 )
 Number of external orbitals:      18 (   8   4   4   2 )

 Molecular orbitals read from record     2140.2  Type=MCSCF/NATURAL  

 Coulomb and exchange operators available. No transformation done.

 Number of p-space configurations:   3

 Reference wavefunction optimized for reference space (refopt=1)

 State     Reference Energy 
   1        -112.35066661
   2        -111.96207936
   3        -111.93012399

 Number of blocks in overlap matrix:    32   Smallest eigenvalue:  0.22D-04
 Number of N-2 electron functions:     183
 Number of N-1 electron functions:    2456

 Number of internal configurations:                  490
 Number of singly external configurations:         12168
 Number of doubly external configurations:          7893
 Total number of contracted configurations:        20551
 Total number of uncontracted configurations:      82606

 Diagonal Coupling coefficients finished.               Storage:  165296 words, CPU-Time:      0.10 seconds.
 Energy denominators for pairs finished in 1 passes.    Storage:   39694 words, CPU-time:      0.00 seconds.

  ITER. STATE  ROOT     SQ.NORM     CORR.ENERGY   TOTAL ENERGY   ENERGY CHANGE       DEN1      VAR(S)    VAR(P)      TIME
    1     1     1     1.00000000     0.00000000  -112.35066661    -0.00000000    -0.17602397  0.29D-01  0.18D-01     0.22
    1     2     2     1.00000000     0.00000000  -111.96207936     0.00000000    -0.18325888  0.30D-01  0.21D-01     0.22
    1     3     3     1.00000000     0.00000000  -111.93012399     0.00000000    -0.20063153  0.42D-01  0.20D-01     0.22
    2     1     1     1.03801276    -0.18482470  -112.53549131    -0.18482470    -0.00724752  0.15D-02  0.47D-03     1.17
    2     2     2     1.02131668    -0.21035874  -112.17243810    -0.21035874    -0.05283018  0.15D-01  0.17D-02     1.17
    2     3     3     1.04262929    -0.21898428  -112.14910827    -0.21898428    -0.00516990  0.11D-02  0.40D-03     1.17

 Requested states
   1-  3     1     2     3

 Current NROOT
   1-  3     1     2     3

 CI VECTOR FOR STATE 2 DOES NOT OVERLAP SUFFICIENTLY WITH REFERENCE VECTORS

 It may help to increase NSTATI, e.g., use OPTION,NSTATI=4

 Rotated S(REF|INT)
                   1             2             3
         1     0.9724630    -0.0275214     0.0000034
         2    -0.0275214     0.3503742     0.0000401
         3     0.0000034     0.0000401     0.9725958
 ? Error
 ? Insufficient overlap
 ? The problem occurs in cihdia
