
 Primary working directories    : /tmp/jcartus
 Secondary working directories  : /tmp/jcartus
 Wavefunction directory         : /home/jcartus/wfu/
 Main file repository           : /tmp/jcartus/

 SHA1      : 960ce83de8be0427555cf121dea4debc26c720b5
 NAME      : 2012.1.960ce83
 ARCHNAME  : Linux/x86_64
 FC        : /opt/intel/composer_xe_2013_sp1.2.144/bin/intel64/ifort
 FCVERSION : 14.0.2
 BLASLIB   : -Wl,-_start-group /opt/intel/mkl/lib/intel64/libmkl_intel_ilp64.a /opt/intel/mkl/lib/intel64/libmkl_sequential.a /opt/intel/mkl/lib/intel64/libmkl_core.a -Wl,-_end-group
 id        : tugraziep

 Nodes     nprocs
 qciep        1

 Using customized tuning parameters: mindgm=7; mindgv=24; mindgc=1; mindgr=1; noblas=0; minvec=7
 default implementation of scratch files=df  

 ***,CO+ frequency calculation
 
                                                                                 !Geometry and Variables
 angstrom
 geometry={
 C
 O   C  r
 }
 r = 1.6
 
                                                                                 ! remove an electron to yield CO+
                                                                      !http://www.molpro.net/info/2010.1/doc/quickstart/node11.html
                                                                                 ! charge ... net charge of molecule. -&gt; +1
                                                                                 ! symmetry ... ??
                                                                     ! spin ... total Spin. -&gt; 1 (1 unpared electron, i.e. doublet)
 wf,charge=1,symmetry=3,spin=1
 
 
                                                                                 !basis=aug-cc-pCVQZ
 basis=cc-pVDZ
 
                                                                                 !method: CCSD(T)
                                                                    !httpss://www.molpro.net/info/2015.1/doc/quickstart/node15.html
 hf
 uccsd(t)
 optg
 
                                                                                 !get virbational frew of CO in groud state
                                                                                 !(analytical calculation not possible anymore)
                                                                     !https://www.molpro.net/info/2015.1/doc/quickstart/node28.html
 frequencies,symm=auto
 

 Variables initialized (778), CPU time= 0.01 sec
 Commands  initialized (547), CPU time= 0.01 sec, 516 directives.
 Default parameters read. Elapsed time= 0.06 sec

 Checking input...
 Passed
1


                                         ***  PROGRAM SYSTEM MOLPRO  ***
                         Copyright, University College Cardiff Consultants Limited, 2008

                                    Version 2012.1 linked Apr  1 2014 15:33:03


 **********************************************************************************************************************************
 LABEL *   CO+ frequency calculation                                                     
 Linux-3.2.0-4-amd64/qciep(x86_64) 64 bit serial version                                 DATE: 08-Feb-19          TIME: 14:48:23  
 **********************************************************************************************************************************

 SHA1:             960ce83de8be0427555cf121dea4debc26c720b5
 **********************************************************************************************************************************
 ZUNIT=ANG
 
 SETTING R              =         1.60000000                                  

 Variable memory set to    8000000 words,  buffer space   230000 words

 SETTING BASIS          =    CC-PVDZ


 Recomputing integrals since basis changed


 Using spherical harmonics

 Library entry C      S cc-pVDZ              selected for orbital group  1
 Library entry C      P cc-pVDZ              selected for orbital group  1
 Library entry C      D cc-pVDZ              selected for orbital group  1
 Library entry O      S cc-pVDZ              selected for orbital group  2
 Library entry O      P cc-pVDZ              selected for orbital group  2
 Library entry O      D cc-pVDZ              selected for orbital group  2

1PROGRAM * SEWARD (Integral evaluation for generally contracted gaussian basis sets)     Author: Roland Lindh, 1990

 Geometry written to block  1 of record 700

 Orientation using atomic masses  
 Molecule type: Linear
 Symmetry elements: X,Y
 Rotational constants:      28.7748897     28.7748897      0.0000000 GHz  (calculated with average atomic masses)

 Point group  C2v 



 ATOMIC COORDINATES

 NR  ATOM    CHARGE       X              Y              Z

   1  C       6.00    0.000000000    0.000000000   -1.727043342
   2  O       8.00    0.000000000    0.000000000    1.296518468

 Bond lengths in Bohr (Angstrom)

 1-2  3.023561810
     ( 1.600000000)

 NUCLEAR CHARGE:                   14
 NUMBER OF PRIMITIVE AOS:          54
 NUMBER OF SYMMETRY AOS:           52
 NUMBER OF CONTRACTIONS:           28   (  14A1  +   6B1  +   6B2  +   2A2  )
 NUMBER OF CORE ORBITALS:           2   (   2A1  +   0B1  +   0B2  +   0A2  )
 NUMBER OF VALENCE ORBITALS:        8   (   4A1  +   2B1  +   2B2  +   0A2  )


 NUCLEAR REPULSION ENERGY   15.87531627

 EXTRA SYMMETRY OF AOS IN SYMMETRY 1:   1 1 1 1 1 1 2 1 1 1   1 1 1 2

 Eigenvalues of metric

         1 0.189E-01 0.440E-01 0.147E+00 0.152E+00 0.365E+00 0.955E+00 0.975E+00 0.100E+01
         2 0.155E+00 0.196E+00 0.780E+00 0.110E+01 0.141E+01 0.236E+01
         3 0.155E+00 0.196E+00 0.780E+00 0.110E+01 0.141E+01 0.236E+01
         4 0.975E+00 0.103E+01


 Contracted 2-electron integrals neglected if value below      1.0D-11
 AO integral compression algorithm  1   Integral accuracy      1.0D-11

     0.262 MB (compressed) written to integral file (100.0%)


 NUMBER OF SORTED TWO-ELECTRON INTEGRALS:      24933.     BUFFER LENGTH:  32768
 NUMBER OF SEGMENTS:   1  SEGMENT LENGTH:      24933      RECORD LENGTH: 524288

 Memory used in sort:       0.58 MW

 SORT1 READ       32016. AND WROTE       21069. INTEGRALS IN      1 RECORDS. CPU TIME:     0.00 SEC, REAL TIME:     0.01 SEC
 SORT2 READ       21069. AND WROTE       24933. INTEGRALS IN      1 RECORDS. CPU TIME:     0.01 SEC, REAL TIME:     0.01 SEC

 FILE SIZES:   FILE 1:     7.8 MBYTE,  FILE 4:     4.2 MBYTE,   TOTAL:     12.0 MBYTE

 OPERATOR DM      FOR CENTER  0  COORDINATES:    0.000000    0.000000    0.000000


 **********************************************************************************************************************************
 DATASETS  * FILE   NREC   LENGTH (MB)   RECORD NAMES
              1      19        7.65       500      610      700      900      950      970     1000      129      960     1100   
                                          VAR    BASINP    GEOM    SYMINP    ZMAT    AOBASIS   BASIS     P2S    ABASIS      S 
                                         1400     1410     1200     1210     1080     1600     1650     1300     1700   
                                           T        V       H0       H01     AOSYM     SMH    MOLCAS    ERIS     OPER   

 PROGRAMS   *        TOTAL       INT
 CPU TIMES  *         0.20      0.06
 REAL TIME  *         0.27 SEC
 DISK USED  *        12.29 MB      
 **********************************************************************************************************************************

1PROGRAM * RHF-SCF (OPEN SHELL)       Authors: W. Meyer, H.-J. Werner


 NUMBER OF ELECTRONS:       7+    6-    SPACE SYMMETRY=3    SPIN SYMMETRY: Doublet 
 CONVERGENCE THRESHOLDS:    1.00E-06 (Density)    1.00E-07 (Energy)
 MAX. NUMBER OF ITERATIONS:       60
 INTERPOLATION TYPE:            DIIS
 INTERPOLATION STEPS:              2 (START)      1 (STEP)
 LEVEL SHIFTS:                 -0.30 (CLOSED)  0.00 (OPEN) 



 Orbital guess generated from atomic densities. Full valence occupancy:    6   2   2   0

 Molecular orbital dump at record        2100.2

 ITERATION    DDIFF          GRAD             ENERGY        2-EL.EN.            DIPOLE MOMENTS         DIIS   ORB.
    1      0.000D+00      0.000D+00      -112.00519261    100.838396    0.00000    0.00000   -1.63513    0    start
    2      0.000D+00      0.362D-01      -112.09640251    102.684775    0.00000    0.00000   -1.17228    1    diag,B
    3      0.124D+00      0.681D-02      -112.10285079    103.398921    0.00000    0.00000   -1.32046    2    diag,B
    4      0.248D-01      0.428D-02      -112.10470776    103.282495    0.00000    0.00000   -1.28129    3    diag,B
    5      0.868D-02      0.219D-02      -112.10633652    103.346719    0.00000    0.00000   -1.27913    4    diag,B
    6      0.844D-02      0.123D-02      -112.10692637    103.344285    0.00000    0.00000   -1.25032    5    diag,B
    7      0.758D-02      0.498D-03      -112.10701355    103.352930    0.00000    0.00000   -1.24220    6    fixocc
    8      0.287D-02      0.241D-03      -112.10704375    103.357621    0.00000    0.00000   -1.24084    7    diag,B
    9      0.172D-02      0.749D-04      -112.10704544    103.361653    0.00000    0.00000   -1.24432    8    diag,B
   10      0.389D-03      0.245D-04      -112.10704550    103.361009    0.00000    0.00000   -1.24384    9    orth
   11      0.109D-03      0.357D-05      -112.10704551    103.361109    0.00000    0.00000   -1.24395    9    diag,B
   12      0.127D-04      0.596D-06      -112.10704551    103.361124    0.00000    0.00000   -1.24397    9    diag,B
   13      0.235D-05      0.893D-07      -112.10704551    103.361125    0.00000    0.00000   -1.24397    9    diag,B
   14      0.385D-06      0.192D-07      -112.10704551    103.361125    0.00000    0.00000   -1.24397    0    orth

 Final alpha occupancy:   5   1   1   0
 Final beta  occupancy:   5   1   0   0

 !RHF STATE 1.3 Energy               -112.107045505694
 Nuclear energy                        15.87531627
 One-electron energy                 -179.66292441
 Two-electron energy                   51.68056264
 Virial quotient                       -1.00564821
 !RHF STATE 1.3 Dipole moment           0.00000000     0.00000000    -1.24397428
 Dipole moment /Debye                   0.00000000     0.00000000    -3.16166016

 Orbital energies:

         1.1          2.1          3.1          4.1          5.1          6.1          7.1
    -21.058395   -11.935587    -1.672355    -1.174133    -0.895297    -0.147153     0.289604

         1.2          2.2          3.2
     -0.904382    -0.340719     0.330001

         1.3          2.3          3.3
     -1.021502    -0.347972     0.324844

         1.4          2.4
      0.957326     2.496603

 HOMO      5.1    -0.895297 =     -24.3623eV
 LUMO      2.3    -0.347972 =      -9.4688eV
 LUMO-HOMO         0.547326 =      14.8935eV


 **********************************************************************************************************************************
 DATASETS  * FILE   NREC   LENGTH (MB)   RECORD NAMES
              1      19        7.65       500      610      700      900      950      970     1000      129      960     1100   
                                          VAR    BASINP    GEOM    SYMINP    ZMAT    AOBASIS   BASIS     P2S    ABASIS      S 
                                         1400     1410     1200     1210     1080     1600     1650     1300     1700   
                                           T        V       H0       H01     AOSYM     SMH    MOLCAS    ERIS     OPER   

              2       4        0.30       700     1000      520     2100   
                                         GEOM     BASIS   MCVARS     RHF  

 PROGRAMS   *        TOTAL        HF       INT
 CPU TIMES  *         0.22      0.02      0.06
 REAL TIME  *         0.28 SEC
 DISK USED  *        12.29 MB      
 **********************************************************************************************************************************


1PROGRAM * CCSD (Unrestricted open-shell coupled cluster)     Authors: C. Hampel, H.-J. Werner, 1991, M. Deegan, P.J. Knowles, 1992


 Convergence thresholds:  THRVAR = 1.00D-12  THRDEN = 1.00D-08

 CCSD(T)     terms to be evaluated (factor= 1.000)


 Number of core orbitals:           2 (   2   0   0   0 )
 Number of closed-shell orbitals:   4 (   3   1   0   0 )
 Number of active  orbitals:        1 (   0   0   1   0 )
 Number of external orbitals:      21 (   9   5   5   2 )

 Memory could be reduced to 0.34 Mwords without degradation in triples

 Number of N-1 electron functions:               9
 Number of N-2 electron functions:              36
 Number of singly external CSFs:                70
 Number of doubly external CSFs:              4164
 Total number of CSFs:                        4234

 Molecular orbitals read from record     2100.2  Type=RHF/CANONICAL (state 1.3)

 Integral transformation finished. Total CPU:   0.00 sec, npass=  1  Memory used:   0.08 MW

 Starting RMP2 calculation

 ITER.      SQ.NORM     CORR.ENERGY   TOTAL ENERGY   ENERGY CHANGE        DEN1      VAR(S)    VAR(P)  DIIS     TIME
   1      1.09144061    -0.24188956  -112.34893507    -0.24188956    -0.00135553  0.91D-05  0.67D-03  1  1     0.01
   2      1.09314055    -0.24337722  -112.35042272    -0.00148766    -0.00000316  0.11D-06  0.17D-05  2  2     0.01
   3      1.09320487    -0.24341054  -112.35045605    -0.00003332    -0.00000001  0.93D-09  0.77D-08  3  3     0.01
   4      1.09320548    -0.24341057  -112.35045607    -0.00000003    -0.00000000  0.17D-11  0.50D-10  4  4     0.01
   5      1.09320545    -0.24341056  -112.35045606     0.00000001    -0.00000000  0.75D-14  0.36D-12  5  5     0.01

 Norm of t1 vector:      0.03300259      S-energy:    -0.00274009      T1 diagnostic:  0.00011577
 Norm of t2 vector:      0.30350664      P-energy:    -0.24067047
                                         Alpha-Beta:  -0.18492898
                                         Alpha-Alpha: -0.03629696
                                         Beta-Beta:   -0.01944453

 Spin contamination <S**2-Sz**2-Sz>     0.00308642
  Reference energy                   -112.107045505694
  RHF-RMP2 correlation energy          -0.243410559020
 !RHF-RMP2 energy                    -112.350456064713

 Starting UCCSD calculation

 ITER.      SQ.NORM     CORR.ENERGY   TOTAL ENERGY   ENERGY CHANGE        DEN1      VAR(S)    VAR(P)  DIIS     TIME
   1      1.10988934    -0.25111531  -112.35816081    -0.25111531    -0.01886683  0.10D-01  0.44D-02  1  1     0.02
   2      1.14134069    -0.26809185  -112.37513736    -0.01697654    -0.00467236  0.97D-03  0.20D-02  2  2     0.03
   3      1.17631474    -0.27565198  -112.38269748    -0.00756012    -0.00136397  0.12D-02  0.21D-03  3  3     0.04
   4      1.20428421    -0.28015587  -112.38720137    -0.00450389    -0.00041197  0.32D-03  0.96D-04  4  4     0.05
   5      1.22734514    -0.28218024  -112.38922575    -0.00202437    -0.00010763  0.72D-04  0.25D-04  5  5     0.06
   6      1.24232596    -0.28307671  -112.39012222    -0.00089647    -0.00002243  0.14D-04  0.61D-05  6  6     0.07
   7      1.24632469    -0.28327553  -112.39032104    -0.00019882    -0.00000720  0.43D-05  0.20D-05  6  2     0.07
   8      1.24832343    -0.28335274  -112.39039824    -0.00007721    -0.00000231  0.19D-05  0.40D-06  6  1     0.08
   9      1.24926501    -0.28341025  -112.39045576    -0.00005752    -0.00000082  0.60D-06  0.17D-06  6  3     0.09
  10      1.24948079    -0.28340762  -112.39045312     0.00000264    -0.00000027  0.17D-06  0.73D-07  6  4     0.10
  11      1.24972913    -0.28341865  -112.39046416    -0.00001104    -0.00000009  0.54D-07  0.26D-07  6  6     0.11
  12      1.24981568    -0.28341475  -112.39046026     0.00000390    -0.00000003  0.13D-07  0.11D-07  6  5     0.12
  13      1.24985146    -0.28341742  -112.39046292    -0.00000266    -0.00000001  0.56D-08  0.56D-08  6  2     0.13
  14      1.24988250    -0.28341866  -112.39046416    -0.00000124    -0.00000000  0.17D-08  0.14D-08  6  1     0.14
  15      1.24987592    -0.28341811  -112.39046361     0.00000055    -0.00000000  0.30D-09  0.53D-09  6  3     0.15
  16      1.24986237    -0.28341624  -112.39046174     0.00000187    -0.00000000  0.68D-10  0.54D-10  6  5     0.16
  17      1.24985726    -0.28341583  -112.39046134     0.00000040    -0.00000000  0.18D-10  0.20D-10  6  4     0.17
  18      1.24985372    -0.28341551  -112.39046102     0.00000032    -0.00000000  0.46D-11  0.49D-11  6  6     0.18
  19      1.24985197    -0.28341545  -112.39046096     0.00000006    -0.00000000  0.96D-12  0.11D-11  6  2     0.19
  20      1.24985128    -0.28341538  -112.39046088     0.00000008    -0.00000000  0.28D-13  0.32D-12  6  1     0.19
  21      1.24985118    -0.28341538  -112.39046088    -0.00000000    -0.00000000  0.50D-13  0.90D-13  6  3     0.20

 Norm of t1 vector:      0.30272947      S-energy:    -0.00382541      T1 diagnostic:  0.06678900
                                                                       D1 diagnostic:  0.18337816
 Norm of t2 vector:      0.39775124      P-energy:    -0.27958996
                                         Alpha-Beta:  -0.22664184
                                         Alpha-Alpha: -0.03391891
                                         Beta-Beta:   -0.01902922

 Singles amplitudes (print threshold =  0.500E-01):

         I         SYM. A    A   T(IA) [Alpha-Alpha]

         3         1         1      0.06784517
         4         2         1      0.11535176
         5         3         2      0.08341658
 
         I         SYM. A    A   T(IA) [Beta-Beta]

         4         2         1      0.24741810

 Doubles amplitudes (print threshold =  0.500E-01):

         I         J         SYM. A    SYM. B    A         B      T(IJ, AB) [Alpha-Alpha]

         4         3         1         2         1         1     -0.05283435
         4         3         2         1         1         1      0.05283435
 
         I         J         SYM. A    SYM. B    A         B      T(IJ, AB) [Beta-Beta]

         4         3         1         2         1         1     -0.07022229
         4         3         2         1         1         1      0.07022229
 
         I         J         SYM. A    SYM. B    A         B      T(IJ, AB) [Alpha-Beta]

         2         2         2         2         1         1     -0.07272532
         2         2         3         3         2         2     -0.09013934
         3         2         3         3         2         2      0.06037030
         2         3         3         3         2         2      0.05751225
         3         3         1         1         1         1     -0.10539461
         3         3         2         2         1         1     -0.05717825
         3         3         3         3         2         2     -0.05809949
         4         4         2         2         1         1     -0.09773163
         4         3         2         1         1         1      0.06290786
         3         4         1         2         1         1      0.08409722
         5         4         2         3         1         1      0.05332782

 Spin contamination <S**2-Sz**2-Sz>     0.03016954

 Memory could be reduced to 0.36 Mwords without degradation in triples
 

 RESULTS
 =======

  Reference energy                   -112.107045505694
  UCCSD singles energy                 -0.003825414063
  UCCSD pair energy                    -0.279589963944
  UCCSD correlation energy             -0.283415378008
  Triples (T) contribution             -0.016421791374
  Total correlation energy             -0.299837169381
 
  RHF-UCCSD energy                   -112.390460883701
  RHF-UCCSD[T] energy                -112.414431609498
  RHF-UCCSD-T energy                 -112.403468293430
 !RHF-UCCSD(T) energy                -112.406882675075

 Program statistics:

 Available memory in ccsd:                 7999650
 Min. memory needed in ccsd:                 19232
 Max. memory used in ccsd:                   23424
 Max. memory used in cckext:                 58210 (21 integral passes)
 Max. memory used in cckint:                 76755 ( 1 integral passes)



 **********************************************************************************************************************************
 DATASETS  * FILE   NREC   LENGTH (MB)   RECORD NAMES
              1      19        7.65       500      610      700      900      950      970     1000      129      960     1100   
                                          VAR    BASINP    GEOM    SYMINP    ZMAT    AOBASIS   BASIS     P2S    ABASIS      S 
                                         1400     1410     1200     1210     1080     1600     1650     1300     1700   
                                           T        V       H0       H01     AOSYM     SMH    MOLCAS    ERIS     OPER   

              2       4        0.30       700     1000      520     2100   
                                         GEOM     BASIS   MCVARS     RHF  

 PROGRAMS   *        TOTAL  UCCSD(T)        HF       INT
 CPU TIMES  *         0.47      0.25      0.02      0.06
 REAL TIME  *         0.55 SEC
 DISK USED  *        12.29 MB      
 **********************************************************************************************************************************


 PROGRAM * OPT (Geometry optimization)     Authors: F. Eckert and H.-J. Werner


 BFGS update of hessian

 *** Long output written to logfile /home/jcartus/Repos/TMSoCM/TaskE/freqency/freq.log ***


 Geometry optimization using default procedure for command UCCSD(T)

 Geometry written to block  1 of record 700

 Making model hessian for Z-matrix coordinates

 Quadratic Steepest Descent - Minimum Search

 ITER.   ENERGY(OLD)    ENERGY(NEW)      DE          GRADMAX     GRADNORM    GRADRMS     STEPMAX     STEPLEN     STEPRMS   CPU-time
   1  -112.40688268  -112.44913442    -0.04225175  0.12362952  0.12362952  0.12362952  0.35396722  0.35396722  0.35396722      0.99
   2  -112.44913442  -112.45715524    -0.00802081  0.10403383  0.10403383  0.10403383  0.45000026  0.45000026  0.45000026      1.89
   3  -112.45715524  -112.46475789    -0.00760265  0.13671010  0.13671010  0.13671010  0.25553949  0.25553949  0.25553949      2.78
   4  -112.46475789  -112.46694444    -0.00218655  0.04835466  0.04835466  0.04835466  0.06676865  0.06676865  0.06676865      3.68
   5  -112.46694444  -112.46714857    -0.00020413  0.01562686  0.01562686  0.01562686  0.03188069  0.03188069  0.03188069      4.57
   6  -112.46714857  -112.46715694    -0.00000836  0.00328132  0.00328132  0.00328132  0.00553256  0.00553256  0.00553256      5.48
   7  -112.46715694  -112.46715697    -0.00000003  0.00016702  0.00016702  0.00016702  0.00026798  0.00026798  0.00026798      6.37

 END OF GEOMETRY OPTIMIZATION.

 Optimized variables
 R=                   1.26036732 ANGSTROM

 **********************************************************************************************************************************

 Current geometry (xyz format, in Angstrom)

    2
 UCCSD(T)/CC-PVDZ  ENERGY=-112.46715697
 C          0.0000000000        0.0000000000       -0.7199154934
 O          0.0000000000        0.0000000000        0.5404518289

 **********************************************************************************************************************************

 Geometry written to block  1 of record 700


 **********************************************************************************************************************************
 DATASETS  * FILE   NREC   LENGTH (MB)   RECORD NAMES
              1      19        7.66       500      610      700      900      950      970     1000      129      960     1100   
                                          VAR    BASINP    GEOM    SYMINP    ZMAT    AOBASIS   BASIS     P2S    ABASIS      S 
                                         1400     1410     1200     1210     1080     1600     1650     1300     1700   
                                           T        V       H0       H01     AOSYM     SMH    MOLCAS    ERIS     OPER   

              2       5        0.31       700     1000      520     2100     5600   
                                         GEOM     BASIS   MCVARS     RHF     GINFO   

 PROGRAMS   *        TOTAL      OPTG  UCCSD(T)        HF       INT
 CPU TIMES  *         6.84      6.37      0.25      0.02      0.06
 REAL TIME  *         7.75 SEC
 DISK USED  *        12.37 MB      
 **********************************************************************************************************************************


 PROGRAM * HESSIAN

 Computing numerical hessian using default procedure for command UCCSD(T)

 Symmetry elements for unique displacements: X  Y  

 Using AUTO symmetry option

 Running default procedure: HF-SCF000  UCCSD(T)
 

 Numerically approximating hessian using central energy differences

 Task list generated. Total number of displacements:     12

    5 tasks completed, CPU=2s Elapsed=2s
   10 tasks completed, CPU=4s Elapsed=4s

 Numerical UCCSD(T) hessian completed. CPU-time:     5.31 sec, Elapsed:     5.32 sec

 UCCSD(T) hessian saved to record  5300.2

 FREQUENCIES * CALCULATION OF HARMONIC VIBRATIONAL SPECTRA FOR UCCSD(T)


 Permanent Dipole Moment [debye]
   1-  3    0.000000    0.000000    0.000000

 Dipole Moment Norm    0.0000000 [debye]

 Dipole Moment Derivatives [debye/ang]
                   1             2             3             4             5             6
         1     0.0000000     0.0000000     0.0000000     0.0000000     0.0000000     0.0000000
         2     0.0000000     0.0000000     0.0000000     0.0000000     0.0000000     0.0000000
         3     0.0000000     0.0000000     0.0000000     0.0000000     0.0000000     0.0000000

 Projecting out rotations and translations

   Low Vibration      Wavenumber
        Nr             [1/cm] 
        1                0.00
        2                0.00
        3                0.00
        4                0.00
        5                0.00

     Vibration        Wavenumber
        Nr             [1/cm] 
        1             1542.01

 FREQUENCIES * CALCULATION OF NORMAL MODES FOR UCCSD(T)


 Atomic Coordinates

  Nr  Atom  Charge       X              Y              Z

   1   C     6.00    0.000000000    0.000000000   -1.360443120
   2   O     8.00    0.000000000    0.000000000    1.021305944

 Frequencies dumped to record   5400.2

 Gradient norm at reference geometry: 0.23393D-05

 Normal Modes

                              1 A1 
 Wavenumbers [cm-1]         1542.01
 Intensities [km/mol]          0.00
 Intensities [relative]        0.00
           CX1              0.00000
           CY1              0.00000
           CZ1              0.21807
           OX2              0.00000
           OY2              0.00000
           OZ2             -0.16371


 Normal Modes of low/zero frequencies

                                  1           2           3           4           5
 Wavenumbers [cm-1]            0.00        0.00        0.00        0.00        0.00
 Intensities [km/mol]          0.00        0.00        0.00        0.00        0.00
 Intensities [relative]        0.00        0.00        0.00        0.00        0.00
           CX1             -0.00000     0.27326    -0.00000     0.09267     0.00000
           CY1              0.20403     0.00000     0.20403     0.00000     0.00000
           CZ1              0.00000     0.00000     0.00000     0.00000     0.18895
           OX2             -0.00000    -0.08030    -0.00000     0.23676     0.00000
           OY2             -0.17678     0.00000     0.17678     0.00000     0.00000
           OZ2              0.00000     0.00000     0.00000     0.00000     0.18895


 Zero point energy:  0.00351297 [H]      771.01 [1/CM]        9.22 [KJ/MOL]
 Frequency information read from record  5400.2

  OPTG(UCCSD(T))        UCCSD(T)        HF-SCF  
   -112.46715697   -112.40688268   -112.10704551
 **********************************************************************************************************************************
 Variable memory released
