
 Running default procedure: HF-SCF000
1PROGRAM * ALASKA (Gradient of the energy)     Author: R. Lindh

 Orbitals from record         2100.2

 Number of closed-shell orbitals:  7 (  5  1  1  0 )
 Number of occupied orbitals:      7 (  5  1  1  0 )

 Number of electrons= 14     Singlet     Space symmetry=1      Wavefunction type: CLOSED          


 SCF GRADIENT FOR STATE 1.1

 Atom          dE/dx               dE/dy               dE/dz

   1         0.000000000         0.000000000        -0.317691776
   2         0.000000000         0.000000000         0.317691776

 Nuclear force contribution to virial =         0.960560721
 Reading points  1 to  1 from record 700.2,  wavefunction type=HF-SCF000       

 Making model hessian for Z-matrix coordinates
 No hessian update for point  1

 Quadratic Steepest Descent - Minimum Search

 Optimization point 1

 Variable                      Last           Current        Next           Gradient       Hessian

 E(HF-SCF000) / Hartree      0.00000000  -112.49588065     0.00000000
 R / ANGSTROM                0.00000000     1.60000000     1.36187021     0.60035045     1.24725963
 Convergence:                0.00000000  (line search)     0.45000008     0.31769178  (total)

 Geometry written to block  2 of record 700


 Recomputing integrals since geometry changed

1PROGRAM * SEWARD (Integral evaluation for generally contracted gaussian basis sets)     Author: Roland Lindh, 1990

 Geometry written to block  2 of record 700

 Orientation using atomic masses  
 Molecule type: Linear
 Symmetry elements: X,Y
 Rotational constants:      39.7175262     39.7175262      0.0000000 GHz  (calculated with average atomic masses)

 Point group  C2v 



 ATOMIC COORDINATES

 NR  ATOM    CHARGE       X              Y              Z

   1  C       6.00    0.000000000    0.000000000   -1.470005553
   2  O       8.00    0.000000000    0.000000000    1.103556177

 Bond lengths in Bohr (Angstrom)

 1-2  2.573561730
     ( 1.361870214)

 NUCLEAR CHARGE:                   14
 NUMBER OF PRIMITIVE AOS:          54
 NUMBER OF SYMMETRY AOS:           52
 NUMBER OF CONTRACTIONS:           28   (  14A1  +   6B1  +   6B2  +   2A2  )
 NUMBER OF CORE ORBITALS:           2   (   2A1  +   0B1  +   0B2  +   0A2  )
 NUMBER OF VALENCE ORBITALS:        8   (   4A1  +   2B1  +   2B2  +   0A2  )


 NUCLEAR REPULSION ENERGY   18.65119435

 EXTRA SYMMETRY OF AOS IN SYMMETRY 1:   1 1 1 1 1 1 2 1 1 1   1 1 1 2

 Eigenvalues of metric

         1 0.161E-01 0.395E-01 0.135E+00 0.153E+00 0.210E+00 0.935E+00 0.957E+00 0.999E+00
         2 0.148E+00 0.194E+00 0.593E+00 0.113E+01 0.136E+01 0.257E+01
         3 0.148E+00 0.194E+00 0.593E+00 0.113E+01 0.136E+01 0.257E+01
         4 0.935E+00 0.106E+01


 Contracted 2-electron integrals neglected if value below      1.0D-11
 AO integral compression algorithm  1   Integral accuracy      1.0D-11

     0.262 MB (compressed) written to integral file (100.0%)


 NUMBER OF SORTED TWO-ELECTRON INTEGRALS:      24933.     BUFFER LENGTH:  32768
 NUMBER OF SEGMENTS:   1  SEGMENT LENGTH:      24933      RECORD LENGTH: 524288

 Memory used in sort:       0.58 MW

 SORT1 READ       32016. AND WROTE       21069. INTEGRALS IN      1 RECORDS. CPU TIME:     0.00 SEC, REAL TIME:     0.01 SEC
 SORT2 READ       21069. AND WROTE       24933. INTEGRALS IN      1 RECORDS. CPU TIME:     0.01 SEC, REAL TIME:     0.01 SEC

 FILE SIZES:   FILE 1:     7.8 MBYTE,  FILE 4:     4.2 MBYTE,   TOTAL:     12.0 MBYTE

 OPERATOR DM      FOR CENTER  0  COORDINATES:    0.000000    0.000000    0.000000
1PROGRAM * RHF-SCF (CLOSED SHELL)       Authors: W. Meyer, H.-J. Werner


 NUMBER OF ELECTRONS:       7+    7-
 CONVERGENCE THRESHOLDS:    1.00E-06 (Density)    1.00E-08 (Energy)
 MAX. NUMBER OF ITERATIONS:       60
 INTERPOLATION TYPE:            DIIS
 INTERPOLATION STEPS:              2 (START)      1 (STEP)
 LEVEL SHIFTS:                  0.00 (CLOSED)  0.00 (OPEN) 

 Number of closed-shell orbitals:    7 (   5   1   1   0 )


 Molecular orbitals read from record     2100.2  Type=RHF/CANONICAL (state 1.1)

 Molecular orbital dump at record        2100.2

 ITERATION    DDIFF          GRAD             ENERGY        2-EL.EN.            DIPOLE MOMENTS         DIIS   ORB.
    1      0.000D+00      0.000D+00      -112.62006821    118.090548    0.00000    0.00000   -0.64355    0    start
    2      0.000D+00      0.178D-01      -112.64282445    119.337794    0.00000    0.00000   -0.65020    1    diag
    3      0.392D-01      0.609D-02      -112.64539475    118.627945    0.00000    0.00000   -0.48921    2    diag
    4      0.166D-01      0.491D-02      -112.64663459    118.900415    0.00000    0.00000   -0.58437    3    diag
    5      0.864D-02      0.129D-02      -112.64689862    118.830887    0.00000    0.00000   -0.54744    4    diag
    6      0.347D-02      0.692D-03      -112.64695856    118.837682    0.00000    0.00000   -0.55213    5    diag
    7      0.250D-02      0.960D-04      -112.64695999    118.837793    0.00000    0.00000   -0.55241    6    diag
    8      0.450D-03      0.832D-05      -112.64696000    118.837933    0.00000    0.00000   -0.55243    7    orth
    9      0.254D-04      0.139D-05      -112.64696000    118.837955    0.00000    0.00000   -0.55245    8    diag
   10      0.472D-05      0.156D-06      -112.64696000    118.837949    0.00000    0.00000   -0.55244    9    diag
   11      0.658D-06      0.111D-07      -112.64696000    118.837950    0.00000    0.00000   -0.55244    0    orth

 Final occupancy:   5   1   1   0

 !RHF STATE 1.1 Energy               -112.646959997623
 Nuclear energy                        18.65119435
 One-electron energy                 -190.71712933
 Two-electron energy                   59.41897499
 Virial quotient                       -1.00780578
 !RHF STATE 1.1 Dipole moment           0.00000000     0.00000000    -0.55244401
 Dipole moment /Debye                   0.00000000     0.00000000    -1.40408064

 Orbital energies:

         1.1          2.1          3.1          4.1          5.1          6.1          7.1
    -20.665064   -11.453737    -1.378362    -0.788295    -0.557266     0.343658     0.693892

         1.2          2.2          3.2
     -0.548433     0.069915     0.662354

         1.3          2.3          3.3
     -0.548433     0.069915     0.662354

         1.4          2.4
      1.333096     2.932207

 HOMO      1.2    -0.548433 =     -14.9236eV
 LUMO      2.2     0.069915 =       1.9025eV
 LUMO-HOMO         0.618348 =      16.8261eV


 **********************************************************************************************************************************
 DATASETS  * FILE   NREC   LENGTH (MB)   RECORD NAMES
              1      19        7.65       500      610      700      900      950      970     1000      129      960     1100   
                                          VAR    BASINP    GEOM    SYMINP    ZMAT    AOBASIS   BASIS     P2S    ABASIS      S 
                                         1400     1410     1200     1210     1080     1600     1650     1300     1700   
                                           T        V       H0       H01     AOSYM     SMH    MOLCAS    ERIS     OPER   

              2       4        0.30       700     1000      520     2100   
                                         GEOM     BASIS   MCVARS     RHF  

 PROGRAMS   *        TOTAL        HF        HF       INT
 CPU TIMES  *         0.41      0.06      0.02      0.08
 REAL TIME  *         0.51 SEC
 DISK USED  *        12.36 MB      
 **********************************************************************************************************************************

 PROGRESS OF GEOMETRY OPTIMIZATION.    TOTAL CPU:         0.2 SEC
   1  -112.49588065  -112.64696000    -0.15107934  0.31769178  0.31769178  0.31769178  0.45000008  0.45000008  0.45000008

 **********************************************************************************************************************************

 Current geometry (xyz format, in Angstrom)

    2
 HF-SCF000/CC-PVDZ  ENERGY=-112.64696000
 C          0.0000000000        0.0000000000       -0.7778934359
 O          0.0000000000        0.0000000000        0.5839767778

 **********************************************************************************************************************************

 Current variables
 R=                   1.36187021 ANGSTROM

 **********************************************************************************************************************************
1PROGRAM * ALASKA (Gradient of the energy)     Author: R. Lindh

 Orbitals from record         2100.2

 Number of closed-shell orbitals:  7 (  5  1  1  0 )
 Number of occupied orbitals:      7 (  5  1  1  0 )

 Number of electrons= 14     Singlet     Space symmetry=1      Wavefunction type: CLOSED          


 SCF GRADIENT FOR STATE 1.1

 Atom          dE/dx               dE/dy               dE/dz

   1         0.000000000         0.000000000        -0.329519235
   2         0.000000000         0.000000000         0.329519235

 Nuclear force contribution to virial =         0.848038093
 Reading points  1 to  2 from record 700.2,  wavefunction type=HF-SCF000       

 Making model hessian for Z-matrix coordinates
 BFGS update of hessian using  1 points

 Quadratic Steepest Descent - Minimum Search

 Optimization point 2

 Variable                      Last           Current        Next           Gradient       Hessian

 E(HF-SCF000) / Hartree   -112.49588065  -112.64696000     0.00000000
 R / ANGSTROM                1.60000000     1.36187021     1.12374052     0.62270111    -0.09385915
 Convergence:                0.00000000  (line search)     0.44999991     0.32951924  (total)

 Geometry written to block  3 of record 700


 Recomputing integrals since geometry changed

1PROGRAM * SEWARD (Integral evaluation for generally contracted gaussian basis sets)     Author: Roland Lindh, 1990

 Geometry written to block  3 of record 700

 Orientation using atomic masses  
 Molecule type: Linear
 Symmetry elements: X,Y
 Rotational constants:      58.3339729     58.3339729      0.0000000 GHz  (calculated with average atomic masses)

 Point group  C2v 



 ATOMIC COORDINATES

 NR  ATOM    CHARGE       X              Y              Z

   1  C       6.00    0.000000000    0.000000000   -1.212967859
   2  O       8.00    0.000000000    0.000000000    0.910593957

 Bond lengths in Bohr (Angstrom)

 1-2  2.123561817
     ( 1.123740515)

 NUCLEAR CHARGE:                   14
 NUMBER OF PRIMITIVE AOS:          54
 NUMBER OF SYMMETRY AOS:           52
 NUMBER OF CONTRACTIONS:           28   (  14A1  +   6B1  +   6B2  +   2A2  )
 NUMBER OF CORE ORBITALS:           2   (   2A1  +   0B1  +   0B2  +   0A2  )
 NUMBER OF VALENCE ORBITALS:        8   (   4A1  +   2B1  +   2B2  +   0A2  )


 NUCLEAR REPULSION ENERGY   22.60353319

 EXTRA SYMMETRY OF AOS IN SYMMETRY 1:   1 1 1 1 1 1 2 1 1 1   1 1 1 2

 Eigenvalues of metric

         1 0.138E-01 0.311E-01 0.928E-01 0.147E+00 0.155E+00 0.857E+00 0.949E+00 0.964E+00
         2 0.138E+00 0.188E+00 0.386E+00 0.111E+01 0.136E+01 0.282E+01
         3 0.138E+00 0.188E+00 0.386E+00 0.111E+01 0.136E+01 0.282E+01
         4 0.857E+00 0.114E+01


 Contracted 2-electron integrals neglected if value below      1.0D-11
 AO integral compression algorithm  1   Integral accuracy      1.0D-11

     0.262 MB (compressed) written to integral file (100.0%)


 NUMBER OF SORTED TWO-ELECTRON INTEGRALS:      24933.     BUFFER LENGTH:  32768
 NUMBER OF SEGMENTS:   1  SEGMENT LENGTH:      24933      RECORD LENGTH: 524288

 Memory used in sort:       0.58 MW

 SORT1 READ       32016. AND WROTE       21069. INTEGRALS IN      1 RECORDS. CPU TIME:     0.00 SEC, REAL TIME:     0.01 SEC
 SORT2 READ       21069. AND WROTE       24933. INTEGRALS IN      1 RECORDS. CPU TIME:     0.01 SEC, REAL TIME:     0.00 SEC

 FILE SIZES:   FILE 1:     7.8 MBYTE,  FILE 4:     4.2 MBYTE,   TOTAL:     12.0 MBYTE

 OPERATOR DM      FOR CENTER  0  COORDINATES:    0.000000    0.000000    0.000000
1PROGRAM * RHF-SCF (CLOSED SHELL)       Authors: W. Meyer, H.-J. Werner


 NUMBER OF ELECTRONS:       7+    7-
 CONVERGENCE THRESHOLDS:    1.00E-06 (Density)    1.00E-08 (Energy)
 MAX. NUMBER OF ITERATIONS:       60
 INTERPOLATION TYPE:            DIIS
 INTERPOLATION STEPS:              2 (START)      1 (STEP)
 LEVEL SHIFTS:                  0.00 (CLOSED)  0.00 (OPEN) 

 Number of closed-shell orbitals:    7 (   5   1   1   0 )


 Molecular orbitals read from record     2100.2  Type=RHF/CANONICAL (state 1.1)

 Molecular orbital dump at record        2100.2

 ITERATION    DDIFF          GRAD             ENERGY        2-EL.EN.            DIPOLE MOMENTS         DIIS   ORB.
    1      0.000D+00      0.000D+00      -112.71283154    124.509735    0.00000    0.00000   -0.25965    0    start
    2      0.000D+00      0.246D-01      -112.74675337    126.555897    0.00000    0.00000   -0.15437    1    diag
    3      0.528D-01      0.690D-02      -112.74911960    125.819983    0.00000    0.00000   -0.06121    2    diag
    4      0.189D-01      0.333D-02      -112.74958666    126.020926    0.00000    0.00000   -0.10631    3    diag
    5      0.776D-02      0.107D-02      -112.74965643    125.968822    0.00000    0.00000   -0.08287    4    diag
    6      0.193D-02      0.208D-03      -112.74965926    125.971648    0.00000    0.00000   -0.08324    5    diag
    7      0.538D-03      0.347D-04      -112.74965935    125.971934    0.00000    0.00000   -0.08332    6    diag
    8      0.111D-03      0.285D-05      -112.74965935    125.972057    0.00000    0.00000   -0.08334    7    orth
    9      0.847D-05      0.248D-06      -112.74965935    125.972059    0.00000    0.00000   -0.08335    8    diag
   10      0.715D-06      0.398D-07      -112.74965935    125.972059    0.00000    0.00000   -0.08335    0    orth

 Final occupancy:   5   1   1   0

 !RHF STATE 1.1 Energy               -112.749659353761
 Nuclear energy                        22.60353319
 One-electron energy                 -198.33922193
 Two-electron energy                   62.98602939
 Virial quotient                       -1.00112882
 !RHF STATE 1.1 Dipole moment           0.00000000     0.00000000    -0.08334696
 Dipole moment /Debye                   0.00000000     0.00000000    -0.21183297

 Orbital energies:

         1.1          2.1          3.1          4.1          5.1          6.1          7.1
    -20.669208   -11.364797    -1.526051    -0.802525    -0.548277     0.382886     0.726976

         1.2          2.2          3.2
     -0.636362     0.156491     0.672382

         1.3          2.3          3.3
     -0.636362     0.156491     0.672382

         1.4          2.4
      1.344355     2.937724

 HOMO      5.1    -0.548277 =     -14.9194eV
 LUMO      2.2     0.156491 =       4.2583eV
 LUMO-HOMO         0.704768 =      19.1777eV


 **********************************************************************************************************************************
 DATASETS  * FILE   NREC   LENGTH (MB)   RECORD NAMES
              1      19        7.66       500      610      700      900      950      970     1000      129      960     1100   
                                          VAR    BASINP    GEOM    SYMINP    ZMAT    AOBASIS   BASIS     P2S    ABASIS      S 
                                         1400     1410     1200     1210     1080     1600     1650     1300     1700   
                                           T        V       H0       H01     AOSYM     SMH    MOLCAS    ERIS     OPER   

              2       4        0.30       700     1000      520     2100   
                                         GEOM     BASIS   MCVARS     RHF  

 PROGRAMS   *        TOTAL        HF        HF       INT
 CPU TIMES  *         0.60      0.07      0.02      0.08
 REAL TIME  *         0.73 SEC
 DISK USED  *        12.36 MB      
 **********************************************************************************************************************************

 PROGRESS OF GEOMETRY OPTIMIZATION.    TOTAL CPU:         0.4 SEC
   1  -112.49588065  -112.64696000    -0.15107934  0.31769178  0.31769178  0.31769178  0.45000008  0.45000008  0.45000008
   2  -112.64696000  -112.74965935    -0.10269936  0.32951924  0.32951924  0.32951924  0.44999991  0.44999991  0.44999991

 **********************************************************************************************************************************

 Current geometry (xyz format, in Angstrom)

    2
 HF-SCF000/CC-PVDZ  ENERGY=-112.74965935
 C          0.0000000000        0.0000000000       -0.6418749464
 O          0.0000000000        0.0000000000        0.4818655688

 **********************************************************************************************************************************

 Current variables
 R=                   1.12374052 ANGSTROM

 **********************************************************************************************************************************
1PROGRAM * ALASKA (Gradient of the energy)     Author: R. Lindh

 Orbitals from record         2100.2

 Number of closed-shell orbitals:  7 (  5  1  1  0 )
 Number of occupied orbitals:      7 (  5  1  1  0 )

 Number of electrons= 14     Singlet     Space symmetry=1      Wavefunction type: CLOSED          


 SCF GRADIENT FOR STATE 1.1

 Atom          dE/dx               dE/dy               dE/dz

   1         0.000000000         0.000000000        -0.037660267
   2         0.000000000         0.000000000         0.037660267

 Nuclear force contribution to virial =         0.079973906
 Reading points  1 to  3 from record 700.2,  wavefunction type=HF-SCF000       

 Making model hessian for Z-matrix coordinates
 BFGS update of hessian using  2 points

 Quadratic Steepest Descent - Minimum Search

 Optimization point 3

 Variable                      Last           Current        Next           Gradient       Hessian

 E(HF-SCF000) / Hartree   -112.64696000  -112.74965935     0.00000000
 R / ANGSTROM                1.36187021     1.12374052     1.09301325     0.07116759     2.31610556
 Convergence:                0.00000000  (line search)     0.05806612     0.03766027  (total)

 Geometry written to block  4 of record 700


 Recomputing integrals since geometry changed

1PROGRAM * SEWARD (Integral evaluation for generally contracted gaussian basis sets)     Author: Roland Lindh, 1990

 Geometry written to block  4 of record 700

 Orientation using atomic masses  
 Molecule type: Linear
 Symmetry elements: X,Y
 Rotational constants:      61.6598950     61.6598950      0.0000000 GHz  (calculated with average atomic masses)

 Point group  C2v 



 ATOMIC COORDINATES

 NR  ATOM    CHARGE       X              Y              Z

   1  C       6.00    0.000000000    0.000000000   -1.179800784
   2  O       8.00    0.000000000    0.000000000    0.885694915

 Bond lengths in Bohr (Angstrom)

 1-2  2.065495699
     ( 1.093013249)

 NUCLEAR CHARGE:                   14
 NUMBER OF PRIMITIVE AOS:          54
 NUMBER OF SYMMETRY AOS:           52
 NUMBER OF CONTRACTIONS:           28   (  14A1  +   6B1  +   6B2  +   2A2  )
 NUMBER OF CORE ORBITALS:           2   (   2A1  +   0B1  +   0B2  +   0A2  )
 NUMBER OF VALENCE ORBITALS:        8   (   4A1  +   2B1  +   2B2  +   0A2  )


 NUCLEAR REPULSION ENERGY   23.23897359

 EXTRA SYMMETRY OF AOS IN SYMMETRY 1:   1 1 1 1 1 1 2 1 1 1   1 1 1 2

 Eigenvalues of metric

         1 0.134E-01 0.295E-01 0.859E-01 0.145E+00 0.156E+00 0.843E+00 0.932E+00 0.958E+00
         2 0.137E+00 0.186E+00 0.363E+00 0.110E+01 0.136E+01 0.285E+01
         3 0.137E+00 0.186E+00 0.363E+00 0.110E+01 0.136E+01 0.285E+01
         4 0.843E+00 0.116E+01


 Contracted 2-electron integrals neglected if value below      1.0D-11
 AO integral compression algorithm  1   Integral accuracy      1.0D-11

     0.262 MB (compressed) written to integral file (100.0%)


 NUMBER OF SORTED TWO-ELECTRON INTEGRALS:      24933.     BUFFER LENGTH:  32768
 NUMBER OF SEGMENTS:   1  SEGMENT LENGTH:      24933      RECORD LENGTH: 524288

 Memory used in sort:       0.58 MW

 SORT1 READ       32016. AND WROTE       21069. INTEGRALS IN      1 RECORDS. CPU TIME:     0.01 SEC, REAL TIME:     0.01 SEC
 SORT2 READ       21069. AND WROTE       24933. INTEGRALS IN      1 RECORDS. CPU TIME:     0.00 SEC, REAL TIME:     0.00 SEC

 FILE SIZES:   FILE 1:     7.8 MBYTE,  FILE 4:     4.2 MBYTE,   TOTAL:     12.0 MBYTE

 OPERATOR DM      FOR CENTER  0  COORDINATES:    0.000000    0.000000    0.000000
1PROGRAM * RHF-SCF (CLOSED SHELL)       Authors: W. Meyer, H.-J. Werner


 NUMBER OF ELECTRONS:       7+    7-
 CONVERGENCE THRESHOLDS:    1.00E-06 (Density)    1.00E-08 (Energy)
 MAX. NUMBER OF ITERATIONS:       60
 INTERPOLATION TYPE:            DIIS
 INTERPOLATION STEPS:              2 (START)      1 (STEP)
 LEVEL SHIFTS:                  0.00 (CLOSED)  0.00 (OPEN) 

 Number of closed-shell orbitals:    7 (   5   1   1   0 )


 Molecular orbitals read from record     2100.2  Type=RHF/CANONICAL (state 1.1)

 Molecular orbital dump at record        2100.2

 ITERATION    DDIFF          GRAD             ENERGY        2-EL.EN.            DIPOLE MOMENTS         DIIS   ORB.
    1      0.000D+00      0.000D+00      -112.74850025    126.854738    0.00000    0.00000   -0.05463    0    start
    2      0.000D+00      0.385D-02      -112.74925618    127.196568    0.00000    0.00000   -0.03558    1    diag
    3      0.812D-02      0.104D-02      -112.74930516    127.084660    0.00000    0.00000   -0.02236    2    diag
    4      0.266D-02      0.456D-03      -112.74931376    127.111403    0.00000    0.00000   -0.02810    3    diag
    5      0.111D-02      0.150D-03      -112.74931506    127.104392    0.00000    0.00000   -0.02493    4    diag
    6      0.276D-03      0.228D-04      -112.74931510    127.104534    0.00000    0.00000   -0.02489    5    diag
    7      0.638D-04      0.445D-05      -112.74931510    127.104600    0.00000    0.00000   -0.02490    6    diag
    8      0.128D-04      0.381D-06      -112.74931510    127.104613    0.00000    0.00000   -0.02491    7    orth
    9      0.120D-05      0.373D-07      -112.74931510    127.104613    0.00000    0.00000   -0.02491    8    diag
   10      0.112D-06      0.481D-08      -112.74931510    127.104613    0.00000    0.00000   -0.02491    0    orth

 Final occupancy:   5   1   1   0

 !RHF STATE 1.1 Energy               -112.749315096706
 Nuclear energy                        23.23897359
 One-electron energy                 -199.54059513
 Two-electron energy                   63.55230645
 Virial quotient                       -0.99948536
 !RHF STATE 1.1 Dipole moment           0.00000000     0.00000000    -0.02490791
 Dipole moment /Debye                   0.00000000     0.00000000    -0.06330543

 Orbital energies:

         1.1          2.1          3.1          4.1          5.1          6.1          7.1
    -20.668147   -11.352176    -1.547722    -0.805424    -0.544294     0.384856     0.729948

         1.2          2.2          3.2
     -0.650115     0.169455     0.673561

         1.3          2.3          3.3
     -0.650115     0.169455     0.673561

         1.4          2.4
      1.345004     2.942720

 HOMO      5.1    -0.544294 =     -14.8110eV
 LUMO      2.2     0.169455 =       4.6111eV
 LUMO-HOMO         0.713750 =      19.4221eV


 **********************************************************************************************************************************
 DATASETS  * FILE   NREC   LENGTH (MB)   RECORD NAMES
              1      19        7.66       500      610      700      900      950      970     1000      129      960     1100   
                                          VAR    BASINP    GEOM    SYMINP    ZMAT    AOBASIS   BASIS     P2S    ABASIS      S 
                                         1400     1410     1200     1210     1080     1600     1650     1300     1700   
                                           T        V       H0       H01     AOSYM     SMH    MOLCAS    ERIS     OPER   

              2       4        0.30       700     1000      520     2100   
                                         GEOM     BASIS   MCVARS     RHF  

 PROGRAMS   *        TOTAL        HF        HF       INT
 CPU TIMES  *         0.79      0.08      0.02      0.08
 REAL TIME  *         0.95 SEC
 DISK USED  *        12.36 MB      
 **********************************************************************************************************************************

 PROGRESS OF GEOMETRY OPTIMIZATION.    TOTAL CPU:         0.6 SEC
   1  -112.49588065  -112.64696000    -0.15107934  0.31769178  0.31769178  0.31769178  0.45000008  0.45000008  0.45000008
   2  -112.64696000  -112.74965935    -0.10269936  0.32951924  0.32951924  0.32951924  0.44999991  0.44999991  0.44999991
   3  -112.74965935  -112.74931510     0.00034426  0.03766027  0.03766027  0.03766027  0.05806612  0.05806612  0.05806612

 **********************************************************************************************************************************

 Current geometry (xyz format, in Angstrom)

    2
 HF-SCF000/CC-PVDZ  ENERGY=-112.74931510
 C          0.0000000000        0.0000000000       -0.6243236863
 O          0.0000000000        0.0000000000        0.4686895631

 **********************************************************************************************************************************

 Current variables
 R=                   1.09301325 ANGSTROM

 **********************************************************************************************************************************
1PROGRAM * ALASKA (Gradient of the energy)     Author: R. Lindh

 Orbitals from record         2100.2

 Number of closed-shell orbitals:  7 (  5  1  1  0 )
 Number of occupied orbitals:      7 (  5  1  1  0 )

 Number of electrons= 14     Singlet     Space symmetry=1      Wavefunction type: CLOSED          


 SCF GRADIENT FOR STATE 1.1

 Atom          dE/dx               dE/dy               dE/dz

   1         0.000000000         0.000000000         0.052627150
   2         0.000000000         0.000000000        -0.052627150

 Nuclear force contribution to virial =        -0.108701153
 Reading points  1 to  4 from record 700.2,  wavefunction type=HF-SCF000       

 Making model hessian for Z-matrix coordinates
 BFGS update of hessian using  3 points

 Quadratic Steepest Descent - Minimum Search

 Optimization point 4

 Variable                      Last           Current        Next           Gradient       Hessian

 E(HF-SCF000) / Hartree   -112.74965935  -112.74931510     0.00000000
 R / ANGSTROM                1.12374052     1.09301325     1.11092370    -0.09945090     5.55267408
 Convergence:                0.00000000  (line search)     0.03384585     0.05262715  (total)

 Geometry written to block  5 of record 700


 Recomputing integrals since geometry changed

1PROGRAM * SEWARD (Integral evaluation for generally contracted gaussian basis sets)     Author: Roland Lindh, 1990

 Geometry written to block  5 of record 700

 Orientation using atomic masses  
 Molecule type: Linear
 Symmetry elements: X,Y
 Rotational constants:      59.6877446     59.6877446      0.0000000 GHz  (calculated with average atomic masses)

 Point group  C2v 



 ATOMIC COORDINATES

 NR  ATOM    CHARGE       X              Y              Z

   1  C       6.00    0.000000000    0.000000000   -1.199133363
   2  O       8.00    0.000000000    0.000000000    0.900208185

 Bond lengths in Bohr (Angstrom)

 1-2  2.099341548
     ( 1.110923701)

 NUCLEAR CHARGE:                   14
 NUMBER OF PRIMITIVE AOS:          54
 NUMBER OF SYMMETRY AOS:           52
 NUMBER OF CONTRACTIONS:           28   (  14A1  +   6B1  +   6B2  +   2A2  )
 NUMBER OF CORE ORBITALS:           2   (   2A1  +   0B1  +   0B2  +   0A2  )
 NUMBER OF VALENCE ORBITALS:        8   (   4A1  +   2B1  +   2B2  +   0A2  )


 NUCLEAR REPULSION ENERGY   22.86431193

 EXTRA SYMMETRY OF AOS IN SYMMETRY 1:   1 1 1 1 1 1 2 1 1 1   1 1 1 2

 Eigenvalues of metric

         1 0.136E-01 0.304E-01 0.899E-01 0.146E+00 0.155E+00 0.852E+00 0.943E+00 0.962E+00
         2 0.138E+00 0.187E+00 0.376E+00 0.110E+01 0.136E+01 0.283E+01
         3 0.138E+00 0.187E+00 0.376E+00 0.110E+01 0.136E+01 0.283E+01
         4 0.852E+00 0.115E+01


 Contracted 2-electron integrals neglected if value below      1.0D-11
 AO integral compression algorithm  1   Integral accuracy      1.0D-11

     0.262 MB (compressed) written to integral file (100.0%)


 NUMBER OF SORTED TWO-ELECTRON INTEGRALS:      24933.     BUFFER LENGTH:  32768
 NUMBER OF SEGMENTS:   1  SEGMENT LENGTH:      24933      RECORD LENGTH: 524288

 Memory used in sort:       0.58 MW

 SORT1 READ       32016. AND WROTE       21069. INTEGRALS IN      1 RECORDS. CPU TIME:     0.00 SEC, REAL TIME:     0.01 SEC
 SORT2 READ       21069. AND WROTE       24933. INTEGRALS IN      1 RECORDS. CPU TIME:     0.01 SEC, REAL TIME:     0.01 SEC

 FILE SIZES:   FILE 1:     7.8 MBYTE,  FILE 4:     4.2 MBYTE,   TOTAL:     12.0 MBYTE

 OPERATOR DM      FOR CENTER  0  COORDINATES:    0.000000    0.000000    0.000000
1PROGRAM * RHF-SCF (CLOSED SHELL)       Authors: W. Meyer, H.-J. Werner


 NUMBER OF ELECTRONS:       7+    7-
 CONVERGENCE THRESHOLDS:    1.00E-06 (Density)    1.00E-08 (Energy)
 MAX. NUMBER OF ITERATIONS:       60
 INTERPOLATION TYPE:            DIIS
 INTERPOLATION STEPS:              2 (START)      1 (STEP)
 LEVEL SHIFTS:                  0.00 (CLOSED)  0.00 (OPEN) 

 Number of closed-shell orbitals:    7 (   5   1   1   0 )


 Molecular orbitals read from record     2100.2  Type=RHF/CANONICAL (state 1.1)

 Molecular orbital dump at record        2100.2

 ITERATION    DDIFF          GRAD             ENERGY        2-EL.EN.            DIPOLE MOMENTS         DIIS   ORB.
    1      0.000D+00      0.000D+00      -112.74986727    126.583963    0.00000    0.00000   -0.04113    0    start
    2      0.000D+00      0.226D-02      -112.75012836    126.383447    0.00000    0.00000   -0.05232    1    diag
    3      0.480D-02      0.610D-03      -112.75014529    126.449766    0.00000    0.00000   -0.06055    2    diag
    4      0.156D-02      0.277D-03      -112.75014845    126.433402    0.00000    0.00000   -0.05688    3    diag
    5      0.663D-03      0.902D-04      -112.75014894    126.437671    0.00000    0.00000   -0.05884    4    diag
    6      0.168D-03      0.141D-04      -112.75014895    126.437599    0.00000    0.00000   -0.05887    5    diag
    7      0.396D-04      0.295D-05      -112.75014895    126.437550    0.00000    0.00000   -0.05886    6    diag
    8      0.853D-05      0.224D-06      -112.75014895    126.437544    0.00000    0.00000   -0.05886    7    orth
    9      0.736D-06      0.231D-07      -112.75014895    126.437543    0.00000    0.00000   -0.05885    0    orth

 Final occupancy:   5   1   1   0

 !RHF STATE 1.1 Energy               -112.750148954248
 Nuclear energy                        22.86431193
 One-electron energy                 -198.83323252
 Two-electron energy                   63.21877164
 Virial quotient                       -1.00047330
 !RHF STATE 1.1 Dipole moment           0.00000000     0.00000000    -0.05885488
 Dipole moment /Debye                   0.00000000     0.00000000    -0.14958439

 Orbital energies:

         1.1          2.1          3.1          4.1          5.1          6.1          7.1
    -20.668814   -11.359541    -1.535045    -0.803730    -0.546673     0.383740     0.728263

         1.2          2.2          3.2
     -0.642021     0.161855     0.672867

         1.3          2.3          3.3
     -0.642021     0.161855     0.672867

         1.4          2.4
      1.344648     2.939660

 HOMO      5.1    -0.546673 =     -14.8757eV
 LUMO      2.2     0.161855 =       4.4043eV
 LUMO-HOMO         0.708528 =      19.2800eV


 **********************************************************************************************************************************
 DATASETS  * FILE   NREC   LENGTH (MB)   RECORD NAMES
              1      19        7.66       500      610      700      900      950      970     1000      129      960     1100   
                                          VAR    BASINP    GEOM    SYMINP    ZMAT    AOBASIS   BASIS     P2S    ABASIS      S 
                                         1400     1410     1200     1210     1080     1600     1650     1300     1700   
                                           T        V       H0       H01     AOSYM     SMH    MOLCAS    ERIS     OPER   

              2       4        0.30       700     1000      520     2100   
                                         GEOM     BASIS   MCVARS     RHF  

 PROGRAMS   *        TOTAL        HF        HF       INT
 CPU TIMES  *         0.98      0.07      0.02      0.08
 REAL TIME  *         1.17 SEC
 DISK USED  *        12.36 MB      
 **********************************************************************************************************************************

 PROGRESS OF GEOMETRY OPTIMIZATION.    TOTAL CPU:         0.8 SEC
   1  -112.49588065  -112.64696000    -0.15107934  0.31769178  0.31769178  0.31769178  0.45000008  0.45000008  0.45000008
   2  -112.64696000  -112.74965935    -0.10269936  0.32951924  0.32951924  0.32951924  0.44999991  0.44999991  0.44999991
   3  -112.74965935  -112.74931510     0.00034426  0.03766027  0.03766027  0.03766027  0.05806612  0.05806612  0.05806612
   4  -112.74931510  -112.75014895    -0.00083386  0.05262715  0.05262715  0.05262715  0.03384585  0.03384585  0.03384585

 **********************************************************************************************************************************

 Current geometry (xyz format, in Angstrom)

    2
 HF-SCF000/CC-PVDZ  ENERGY=-112.75014895
 C          0.0000000000        0.0000000000       -0.6345540465
 O          0.0000000000        0.0000000000        0.4763696547

 **********************************************************************************************************************************

 Current variables
 R=                   1.11092370 ANGSTROM

 **********************************************************************************************************************************
1PROGRAM * ALASKA (Gradient of the energy)     Author: R. Lindh

 Orbitals from record         2100.2

 Number of closed-shell orbitals:  7 (  5  1  1  0 )
 Number of occupied orbitals:      7 (  5  1  1  0 )

 Number of electrons= 14     Singlet     Space symmetry=1      Wavefunction type: CLOSED          


 SCF GRADIENT FOR STATE 1.1

 Atom          dE/dx               dE/dy               dE/dz

   1         0.000000000         0.000000000        -0.002256225
   2         0.000000000         0.000000000         0.002256225

 Nuclear force contribution to virial =         0.004736587
 Reading points  1 to  5 from record 700.2,  wavefunction type=HF-SCF000       

 Making model hessian for Z-matrix coordinates
 BFGS update of hessian using  4 points

 Quadratic Steepest Descent - Minimum Search

 Optimization point 5

 Variable                      Last           Current        Next           Gradient       Hessian

 E(HF-SCF000) / Hartree   -112.74931510  -112.75014895     0.00000000
 R / ANGSTROM                1.09301325     1.11092370     1.11018741     0.00426365     5.79072767
 Convergence:                0.00000000  (line search)     0.00139138     0.00225622  (total)

 Geometry written to block  6 of record 700


 Recomputing integrals since geometry changed

1PROGRAM * SEWARD (Integral evaluation for generally contracted gaussian basis sets)     Author: Roland Lindh, 1990

 Geometry written to block  6 of record 700

 Orientation using atomic masses  
 Molecule type: Linear
 Symmetry elements: X,Y
 Rotational constants:      59.7669420     59.7669420      0.0000000 GHz  (calculated with average atomic masses)

 Point group  C2v 



 ATOMIC COORDINATES

 NR  ATOM    CHARGE       X              Y              Z

   1  C       6.00    0.000000000    0.000000000   -1.198338612
   2  O       8.00    0.000000000    0.000000000    0.899611552

 Bond lengths in Bohr (Angstrom)

 1-2  2.097950164
     ( 1.110187412)

 NUCLEAR CHARGE:                   14
 NUMBER OF PRIMITIVE AOS:          54
 NUMBER OF SYMMETRY AOS:           52
 NUMBER OF CONTRACTIONS:           28   (  14A1  +   6B1  +   6B2  +   2A2  )
 NUMBER OF CORE ORBITALS:           2   (   2A1  +   0B1  +   0B2  +   0A2  )
 NUMBER OF VALENCE ORBITALS:        8   (   4A1  +   2B1  +   2B2  +   0A2  )


 NUCLEAR REPULSION ENERGY   22.87947580

 EXTRA SYMMETRY OF AOS IN SYMMETRY 1:   1 1 1 1 1 1 2 1 1 1   1 1 1 2

 Eigenvalues of metric

         1 0.136E-01 0.304E-01 0.897E-01 0.146E+00 0.155E+00 0.851E+00 0.942E+00 0.961E+00
         2 0.138E+00 0.187E+00 0.376E+00 0.110E+01 0.136E+01 0.283E+01
         3 0.138E+00 0.187E+00 0.376E+00 0.110E+01 0.136E+01 0.283E+01
         4 0.851E+00 0.115E+01


 Contracted 2-electron integrals neglected if value below      1.0D-11
 AO integral compression algorithm  1   Integral accuracy      1.0D-11

     0.262 MB (compressed) written to integral file (100.0%)


 NUMBER OF SORTED TWO-ELECTRON INTEGRALS:      24933.     BUFFER LENGTH:  32768
 NUMBER OF SEGMENTS:   1  SEGMENT LENGTH:      24933      RECORD LENGTH: 524288

 Memory used in sort:       0.58 MW

 SORT1 READ       32016. AND WROTE       21069. INTEGRALS IN      1 RECORDS. CPU TIME:     0.00 SEC, REAL TIME:     0.01 SEC
 SORT2 READ       21069. AND WROTE       24933. INTEGRALS IN      1 RECORDS. CPU TIME:     0.00 SEC, REAL TIME:     0.01 SEC

 FILE SIZES:   FILE 1:     7.8 MBYTE,  FILE 4:     4.2 MBYTE,   TOTAL:     12.0 MBYTE

 OPERATOR DM      FOR CENTER  0  COORDINATES:    0.000000    0.000000    0.000000
1PROGRAM * RHF-SCF (CLOSED SHELL)       Authors: W. Meyer, H.-J. Werner


 NUMBER OF ELECTRONS:       7+    7-
 CONVERGENCE THRESHOLDS:    1.00E-07 (Density)    1.00E-08 (Energy)
 MAX. NUMBER OF ITERATIONS:       60
 INTERPOLATION TYPE:            DIIS
 INTERPOLATION STEPS:              2 (START)      1 (STEP)
 LEVEL SHIFTS:                  0.00 (CLOSED)  0.00 (OPEN) 

 Number of closed-shell orbitals:    7 (   5   1   1   0 )


 Molecular orbitals read from record     2100.2  Type=RHF/CANONICAL (state 1.1)

 Molecular orbital dump at record        2100.2

 ITERATION    DDIFF          GRAD             ENERGY        2-EL.EN.            DIPOLE MOMENTS         DIIS   ORB.
    1      0.000D+00      0.000D+00      -112.75015015    126.458664    0.00000    0.00000   -0.05817    0    start
    2      0.000D+00      0.916D-04      -112.75015058    126.466773    0.00000    0.00000   -0.05772    1    diag
    3      0.195D-03      0.248D-04      -112.75015061    126.464085    0.00000    0.00000   -0.05738    2    diag
    4      0.638D-04      0.112D-04      -112.75015061    126.464751    0.00000    0.00000   -0.05753    3    diag
    5      0.270D-04      0.368D-05      -112.75015061    126.464576    0.00000    0.00000   -0.05745    4    diag
    6      0.681D-05      0.575D-06      -112.75015061    126.464579    0.00000    0.00000   -0.05745    5    diag
    7      0.161D-05      0.119D-06      -112.75015061    126.464581    0.00000    0.00000   -0.05745    6    diag
    8      0.346D-06      0.919D-08      -112.75015061    126.464582    0.00000    0.00000   -0.05745    7    orth
    9      0.299D-07      0.935D-09      -112.75015061    126.464582    0.00000    0.00000   -0.05745    0    orth

 Final occupancy:   5   1   1   0

 !RHF STATE 1.1 Energy               -112.750150614043
 Nuclear energy                        22.87947580
 One-electron energy                 -198.86191723
 Two-electron energy                   63.23229082
 Virial quotient                       -1.00043437
 !RHF STATE 1.1 Dipole moment           0.00000000     0.00000000    -0.05745276
 Dipole moment /Debye                   0.00000000     0.00000000    -0.14602078

 Orbital energies:

         1.1          2.1          3.1          4.1          5.1          6.1          7.1
    -20.668789   -11.359239    -1.535564    -0.803800    -0.546578     0.383787     0.728335

         1.2          2.2          3.2
     -0.642349     0.162165     0.672895

         1.3          2.3          3.3
     -0.642349     0.162165     0.672895

         1.4          2.4
      1.344664     2.939778

 HOMO      5.1    -0.546578 =     -14.8731eV
 LUMO      2.2     0.162165 =       4.4127eV
 LUMO-HOMO         0.708744 =      19.2859eV


 **********************************************************************************************************************************
 DATASETS  * FILE   NREC   LENGTH (MB)   RECORD NAMES
              1      19        7.66       500      610      700      900      950      970     1000      129      960     1100   
                                          VAR    BASINP    GEOM    SYMINP    ZMAT    AOBASIS   BASIS     P2S    ABASIS      S 
                                         1400     1410     1200     1210     1080     1600     1650     1300     1700   
                                           T        V       H0       H01     AOSYM     SMH    MOLCAS    ERIS     OPER   

              2       4        0.30       700     1000      520     2100   
                                         GEOM     BASIS   MCVARS     RHF  

 PROGRAMS   *        TOTAL        HF        HF       INT
 CPU TIMES  *         1.17      0.08      0.02      0.08
 REAL TIME  *         1.39 SEC
 DISK USED  *        12.36 MB      
 **********************************************************************************************************************************

 PROGRESS OF GEOMETRY OPTIMIZATION.    TOTAL CPU:         0.9 SEC
   1  -112.49588065  -112.64696000    -0.15107934  0.31769178  0.31769178  0.31769178  0.45000008  0.45000008  0.45000008
   2  -112.64696000  -112.74965935    -0.10269936  0.32951924  0.32951924  0.32951924  0.44999991  0.44999991  0.44999991
   3  -112.74965935  -112.74931510     0.00034426  0.03766027  0.03766027  0.03766027  0.05806612  0.05806612  0.05806612
   4  -112.74931510  -112.75014895    -0.00083386  0.05262715  0.05262715  0.05262715  0.03384585  0.03384585  0.03384585
   5  -112.75014895  -112.75015061    -0.00000166  0.00225622  0.00225622  0.00225622  0.00139138  0.00139138  0.00139138

 **********************************************************************************************************************************

 Current geometry (xyz format, in Angstrom)

    2
 HF-SCF000/CC-PVDZ  ENERGY=-112.75015061
 C          0.0000000000        0.0000000000       -0.6341334821
 O          0.0000000000        0.0000000000        0.4760539304

 **********************************************************************************************************************************

 Current variables
 R=                   1.11018741 ANGSTROM

 **********************************************************************************************************************************
1PROGRAM * ALASKA (Gradient of the energy)     Author: R. Lindh

 Orbitals from record         2100.2

 Number of closed-shell orbitals:  7 (  5  1  1  0 )
 Number of occupied orbitals:      7 (  5  1  1  0 )

 Number of electrons= 14     Singlet     Space symmetry=1      Wavefunction type: CLOSED          


 SCF GRADIENT FOR STATE 1.1

 Atom          dE/dx               dE/dy               dE/dz

   1         0.000000000         0.000000000        -0.000127638
   2         0.000000000         0.000000000         0.000127638

 Nuclear force contribution to virial =         0.000267777
 Reading points  1 to  6 from record 700.2,  wavefunction type=HF-SCF000       

 Making model hessian for Z-matrix coordinates
 BFGS update of hessian using  5 points

 Quadratic Steepest Descent - Minimum Search

 Optimization point 6

 Variable                      Last           Current        Next           Gradient       Hessian

 E(HF-SCF000) / Hartree   -112.75014895  -112.75015061     0.00000000
 R / ANGSTROM                1.11092370     1.11018741     1.11014326     0.00024120     5.46313860
 Convergence:                0.00000000  (line search)     0.00008343     0.00012764  (total)

 Geometry written to block  7 of record 700


 Recomputing integrals since geometry changed

1PROGRAM * SEWARD (Integral evaluation for generally contracted gaussian basis sets)     Author: Roland Lindh, 1990

 Geometry written to block  7 of record 700

 Orientation using atomic masses  
 Molecule type: Linear
 Symmetry elements: X,Y
 Rotational constants:      59.7716960     59.7716960      0.0000000 GHz  (calculated with average atomic masses)

 Point group  C2v 



 ATOMIC COORDINATES

 NR  ATOM    CHARGE       X              Y              Z

   1  C       6.00    0.000000000    0.000000000   -1.198290956
   2  O       8.00    0.000000000    0.000000000    0.899575776

 Bond lengths in Bohr (Angstrom)

 1-2  2.097866732
     ( 1.110143262)

 NUCLEAR CHARGE:                   14
 NUMBER OF PRIMITIVE AOS:          54
 NUMBER OF SYMMETRY AOS:           52
 NUMBER OF CONTRACTIONS:           28   (  14A1  +   6B1  +   6B2  +   2A2  )
 NUMBER OF CORE ORBITALS:           2   (   2A1  +   0B1  +   0B2  +   0A2  )
 NUMBER OF VALENCE ORBITALS:        8   (   4A1  +   2B1  +   2B2  +   0A2  )


 NUCLEAR REPULSION ENERGY   22.88038571

 EXTRA SYMMETRY OF AOS IN SYMMETRY 1:   1 1 1 1 1 1 2 1 1 1   1 1 1 2

 Eigenvalues of metric

         1 0.136E-01 0.304E-01 0.897E-01 0.146E+00 0.155E+00 0.851E+00 0.942E+00 0.961E+00
         2 0.138E+00 0.187E+00 0.376E+00 0.110E+01 0.136E+01 0.283E+01
         3 0.138E+00 0.187E+00 0.376E+00 0.110E+01 0.136E+01 0.283E+01
         4 0.851E+00 0.115E+01


 Contracted 2-electron integrals neglected if value below      1.0D-11
 AO integral compression algorithm  1   Integral accuracy      1.0D-11

     0.262 MB (compressed) written to integral file (100.0%)


 NUMBER OF SORTED TWO-ELECTRON INTEGRALS:      24933.     BUFFER LENGTH:  32768
 NUMBER OF SEGMENTS:   1  SEGMENT LENGTH:      24933      RECORD LENGTH: 524288

 Memory used in sort:       0.58 MW

 SORT1 READ       32016. AND WROTE       21069. INTEGRALS IN      1 RECORDS. CPU TIME:     0.00 SEC, REAL TIME:     0.00 SEC
 SORT2 READ       21069. AND WROTE       24933. INTEGRALS IN      1 RECORDS. CPU TIME:     0.01 SEC, REAL TIME:     0.02 SEC

 FILE SIZES:   FILE 1:     7.8 MBYTE,  FILE 4:     4.2 MBYTE,   TOTAL:     12.0 MBYTE

 OPERATOR DM      FOR CENTER  0  COORDINATES:    0.000000    0.000000    0.000000
1PROGRAM * RHF-SCF (CLOSED SHELL)       Authors: W. Meyer, H.-J. Werner


 NUMBER OF ELECTRONS:       7+    7-
 CONVERGENCE THRESHOLDS:    1.00E-07 (Density)    1.00E-08 (Energy)
 MAX. NUMBER OF ITERATIONS:       60
 INTERPOLATION TYPE:            DIIS
 INTERPOLATION STEPS:              2 (START)      1 (STEP)
 LEVEL SHIFTS:                  0.00 (CLOSED)  0.00 (OPEN) 

 Number of closed-shell orbitals:    7 (   5   1   1   0 )


 Molecular orbitals read from record     2100.2  Type=RHF/CANONICAL (state 1.1)

 Molecular orbital dump at record        2100.2

 ITERATION    DDIFF          GRAD             ENERGY        2-EL.EN.            DIPOLE MOMENTS         DIIS   ORB.
    1      0.000D+00      0.000D+00      -112.75015062    126.465849    0.00000    0.00000   -0.05741    0    start
    2      0.000D+00      0.550D-05      -112.75015062    126.466335    0.00000    0.00000   -0.05738    1    diag
    3      0.117D-04      0.149D-05      -112.75015062    126.466174    0.00000    0.00000   -0.05736    2    diag
    4      0.383D-05      0.674D-06      -112.75015062    126.466214    0.00000    0.00000   -0.05737    3    diag
    5      0.162D-05      0.221D-06      -112.75015062    126.466204    0.00000    0.00000   -0.05737    4    diag
    6      0.409D-06      0.345D-07      -112.75015062    126.466204    0.00000    0.00000   -0.05737    5    diag
    7      0.963D-07      0.714D-08      -112.75015062    126.466204    0.00000    0.00000   -0.05737    0    orth

 Final occupancy:   5   1   1   0

 !RHF STATE 1.1 Energy               -112.750150619339
 Nuclear energy                        22.88038571
 One-electron energy                 -198.86363841
 Two-electron energy                   63.23310207
 Virial quotient                       -1.00043203
 !RHF STATE 1.1 Dipole moment           0.00000000     0.00000000    -0.05736876
 Dipole moment /Debye                   0.00000000     0.00000000    -0.14580728

 Orbital energies:

         1.1          2.1          3.1          4.1          5.1          6.1          7.1
    -20.668787   -11.359221    -1.535595    -0.803804    -0.546573     0.383790     0.728339

         1.2          2.2          3.2
     -0.642369     0.162184     0.672897

         1.3          2.3          3.3
     -0.642369     0.162184     0.672897

         1.4          2.4
      1.344665     2.939785

 HOMO      5.1    -0.546573 =     -14.8730eV
 LUMO      2.2     0.162184 =       4.4133eV
 LUMO-HOMO         0.708757 =      19.2862eV


 **********************************************************************************************************************************
 DATASETS  * FILE   NREC   LENGTH (MB)   RECORD NAMES
              1      19        7.66       500      610      700      900      950      970     1000      129      960     1100   
                                          VAR    BASINP    GEOM    SYMINP    ZMAT    AOBASIS   BASIS     P2S    ABASIS      S 
                                         1400     1410     1200     1210     1080     1600     1650     1300     1700   
                                           T        V       H0       H01     AOSYM     SMH    MOLCAS    ERIS     OPER   

              2       4        0.30       700     1000      520     2100   
                                         GEOM     BASIS   MCVARS     RHF  

 PROGRAMS   *        TOTAL        HF        HF       INT
 CPU TIMES  *         1.36      0.08      0.02      0.08
 REAL TIME  *         1.62 SEC
 DISK USED  *        12.36 MB      
 **********************************************************************************************************************************

 PROGRESS OF GEOMETRY OPTIMIZATION.    TOTAL CPU:         1.1 SEC
   1  -112.49588065  -112.64696000    -0.15107934  0.31769178  0.31769178  0.31769178  0.45000008  0.45000008  0.45000008
   2  -112.64696000  -112.74965935    -0.10269936  0.32951924  0.32951924  0.32951924  0.44999991  0.44999991  0.44999991
   3  -112.74965935  -112.74931510     0.00034426  0.03766027  0.03766027  0.03766027  0.05806612  0.05806612  0.05806612
   4  -112.74931510  -112.75014895    -0.00083386  0.05262715  0.05262715  0.05262715  0.03384585  0.03384585  0.03384585
   5  -112.75014895  -112.75015061    -0.00000166  0.00225622  0.00225622  0.00225622  0.00139138  0.00139138  0.00139138
   6  -112.75015061  -112.75015062    -0.00000001  0.00012764  0.00012764  0.00012764  0.00008343  0.00008343  0.00008343

 **********************************************************************************************************************************

 Current geometry (xyz format, in Angstrom)

    2
 HF-SCF000/CC-PVDZ  ENERGY=-112.75015062
 C          0.0000000000        0.0000000000       -0.6341082636
 O          0.0000000000        0.0000000000        0.4760349984

 **********************************************************************************************************************************

 Current variables
 R=                   1.11014326 ANGSTROM

 **********************************************************************************************************************************
 Cartesian Coordinates are in [bohr]
 Creating new Variables:
 CX1               0.00000000
 CY1               0.00000000
 CZ1              -1.19829096
 OX2               0.00000000
 OY2               0.00000000
 OZ2               0.89957578
